<graph>
  <node id="0" root="root" en:Type="en:Island" data-StaffConnects="true" data-StaffLines="5" data-StaffOffset="0.0" data-StaffScale="1.0">
    <edge to="69" en:StaffBracket="en:Brace"/>
    <edge to="1" en:Type="en:Token"/>
    <edge to="2" en:Type="en:Partwise"/>
    <edge to="69" en:Type="en:Instant-wise"/>
  </node>
  <node id="1" en:Kind="en:Barline" en:Value="en:Standard Barline" en:Type="en:Token"/>
  <node id="2" en:Type="en:Island" data-StaffConnects="true">
    <edge to="3" en:Type="en:Token"/>
    <edge to="4" en:Type="en:Partwise"/>
    <edge to="71" en:Type="en:Instant-wise"/>
  </node>
  <node id="3" en:Kind="en:Clef" en:Value="en:Treble Clef" en:Type="en:Token"/>
  <node id="4" en:Type="en:Island" data-StaffConnects="true">
    <edge to="5" en:Type="en:Token"/>
    <edge to="6" en:Type="en:Partwise"/>
    <edge to="73" en:Type="en:Instant-wise"/>
  </node>
  <node id="5" en:Kind="en:Key Signature" en:Value="en:Five Flats" en:Type="en:Token"/>
  <node id="6" en:Type="en:Island" data-StaffConnects="true">
    <edge to="7" en:Type="en:Token"/>
    <edge to="7f" en:Type="en:Float" en:Placement="en:Below"/>
    <edge to="7t" en:Type="en:Float" en:Placement="en:Above"/>
    <edge to="8" en:Type="en:Partwise"/>
    <edge to="75" en:Type="en:Instant-wise"/>
  </node>
  <node id="7" en:Kind="en:Chord" en:Type="en:Token" en:NoteValue="1/8"/>
  <node id="7t" en:Kind="en:Expression" en:Type="en:Float" en:Placement="en:Above" data-Text="Recitativo." data-Size="14" data-Style="Bold"/>
  <node id="7f" en:Kind="en:Pedal Marking" en:PedalMarking="en:Damper Pedal" en:Type="en:Float" en:Placement="en:Below">
    <edge to="60f" en:Kind="en:Pedal Marking" en:Type="en:Span"/>
  </node>
  <node id="8" en:Type="en:Island" data-StaffConnects="true">
    <edge to="9" en:Type="en:Token"/>
    <edge to="11" en:Type="en:Partwise"/>
    <edge to="90" en:Type="en:Instant-wise"/>
  </node>
  <node id="9" en:Kind="en:Chord" en:Type="en:Token" en:NoteValue="1/32">
    <edge to="10" en:Type="en:Note"/>
    <edge to="12" en:Type="en:Beam"/>
    <edge to="24" en:Type="en:Slur"/>
  </node>
  <node id="10" en:Value="en:G3" en:Type="en:Note"/>
  <node id="11" en:Type="en:Island" data-StaffConnects="true">
    <edge to="12" en:Type="en:Token"/>
    <edge to="14" en:Type="en:Partwise"/>
  </node>
  <node id="12" en:Kind="en:Chord" en:Type="en:Token" en:NoteValue="1/32">
    <edge to="13" en:Type="en:Note"/>
    <edge to="15" en:Type="en:Beam"/>
  </node>
  <node id="13" en:Value="en:B3 flat" en:Type="en:Note"/>
  <node id="14" en:Type="en:Island" data-StaffConnects="true">
    <edge to="15" en:Type="en:Token"/>
    <edge to="17" en:Type="en:Partwise"/>
  </node>
  <node id="15" en:Kind="en:Chord" en:Type="en:Token" en:NoteValue="1/32">
    <edge to="16" en:Type="en:Note"/>
    <edge to="18" en:Type="en:Beam"/>
  </node>
  <node id="16" en:Value="en:D4 flat" en:Type="en:Note"/>
  <node id="17" en:Type="en:Island" data-StaffConnects="true">
    <edge to="18" en:Type="en:Token"/>
    <edge to="20" en:Type="en:Partwise"/>
  </node>
  <node id="18" en:Kind="en:Chord" en:Type="en:Token" en:NoteValue="1/32">
    <edge to="19" en:Type="en:Note"/>
    <edge to="21" en:Type="en:Beam"/>
  </node>
  <node id="19" en:Value="en:E4 flat" en:Type="en:Note"/>
  <node id="20" en:Type="en:Island" data-StaffConnects="true">
    <edge to="21" en:Type="en:Token"/>
    <edge to="23" en:Type="en:Partwise"/>
  </node>
  <node id="21" en:Kind="en:Chord" en:Type="en:Token" en:NoteValue="1/32">
    <edge to="22" en:Type="en:Note"/>
    <edge to="24" en:Type="en:Beam"/>
  </node>
  <node id="22" en:Value="en:G4" en:Type="en:Note"/>
  <node id="23" en:Type="en:Island" data-StaffConnects="true">
    <edge to="24" en:Type="en:Token"/>
    <edge to="26" en:Type="en:Partwise"/>
  </node>
  <node id="24" en:Kind="en:Chord" en:Type="en:Token" en:NoteValue="1/32">
    <edge to="25" en:Type="en:Note"/>
  </node>
  <node id="25" en:Value="en:B4 flat" en:Type="en:Note"/>
  <node id="26" en:Type="en:Island" data-StaffConnects="true">
    <edge to="27" en:Type="en:Token"/>
    <edge to="27t" en:Type="en:Float" en:Placement="en:Above"/>
    <edge to="29" en:Type="en:Partwise"/>
    <edge to="92" en:Type="en:Instant-wise"/>
  </node>
  <node id="27t" en:Kind="en:Expression" en:Type="en:Float" en:Placement="en:Above" data-Text="piÃ¹ adagio" data-Size="12" data-Style="Bold"/>

  <node id="27" en:Kind="en:Chord" en:Type="en:Token" en:NoteValue="1/4">
    <edge to="28" en:Type="en:Note"/>
  </node>
  <node id="28" en:Value="en:D5 flat" en:Type="en:Note">
    <edge to="31" en:Type="en:Tie"/>
  </node>
  <node id="29" en:Type="en:Island" data-StaffConnects="true">
    <edge to="30" en:Type="en:Token"/>
    <edge to="32" en:Type="en:Partwise"/>
  </node>
  <node id="30" en:Kind="en:Chord" en:Type="en:Token" en:NoteValue="3/16">
    <edge to="31" en:Type="en:Note"/>
    <edge to="33" en:Type="en:Beam"/>
  </node>
  <node id="31" en:Value="en:D5 flat" en:Type="en:Note"/>
  <node id="32" en:Type="en:Island" data-StaffConnects="true">
    <edge to="33" en:Type="en:Token"/>
    <edge to="35" en:Type="en:Partwise"/>
  </node>
  <node id="33" en:Kind="en:Chord" en:Type="en:Token" en:NoteValue="1/16">
    <edge to="34" en:Type="en:Note"/>
  </node>
  <node id="34" en:Value="en:B4 flat" en:Type="en:Note"/>
  <node id="35" en:Type="en:Island" data-StaffConnects="true">
    <edge to="36" en:Type="en:Token"/>
    <edge to="38" en:Type="en:Partwise"/>
    <edge to="94" en:Type="en:Instant-wise"/>
  </node>
  <node id="36" en:Kind="en:Chord" en:Type="en:Token" en:StemDirection="en:Up" en:NoteValue="1/8">
    <edge to="37" en:Type="en:Note"/>
    <edge to="39" en:Type="en:Beam"/>
  </node>
  <node id="37" en:Value="en:A4 flat" en:Type="en:Note"/>
  <node id="38" en:Type="en:Island" data-StaffConnects="true">
    <edge to="39" en:Type="en:Token"/>
    <edge to="41" en:Type="en:Partwise"/>
  </node>
  <node id="39" en:Kind="en:Chord" en:Type="en:Token" en:NoteValue="1/8">
    <edge to="40" en:Type="en:Note"/>
  </node>
  <node id="40" en:Value="en:G4" en:Accidental="en:Natural" en:Type="en:Note">
    <edge to="43" en:Type="en:Tie"/>
  </node>
  <node id="41" en:Type="en:Island" data-StaffConnects="true">
    <edge to="42" en:Type="en:Token"/>
    <edge to="44" en:Type="en:Partwise"/>
  </node>
  <node id="42" en:Kind="en:Chord" en:Type="en:Token" en:NoteValue="1/16">
    <edge to="43" en:Type="en:Note"/>
    <edge to="45" en:Type="en:Beam"/>
  </node>
  <node id="43" en:Value="en:G4" en:Type="en:Note"/>
  <node id="44" en:Type="en:Island" data-StaffConnects="true">
    <edge to="45" en:Type="en:Token"/>
    <edge to="47" en:Type="en:Partwise"/>
  </node>
  <node id="45" en:Kind="en:Chord" en:Type="en:Token" en:NoteValue="1/32">
    <edge to="46" en:Type="en:Note"/>
    <edge to="48" en:Type="en:Beam"/>
  </node>
  <node id="46" en:Value="en:B4 flat" en:Type="en:Note"/>
  <node id="47" en:Type="en:Island" data-StaffConnects="true">
    <edge to="48" en:Type="en:Token"/>
    <edge to="50" en:Type="en:Partwise"/>
  </node>
  <node id="48" en:Kind="en:Chord" en:Type="en:Token" en:NoteValue="1/32">
    <edge to="49" en:Type="en:Note"/>
  </node>
  <node id="49" en:Value="en:D5 flat" en:Type="en:Note"/>
  <node id="50" en:Type="en:Island" data-StaffConnects="true">
    <edge to="51" en:Type="en:Token"/>
    <edge to="53" en:Type="en:Partwise"/>
  </node>
  <node id="51" en:Kind="en:Chord" en:Type="en:Token" en:NoteValue="1/32">
    <edge to="52" en:Type="en:Note"/>
    <edge to="54" en:Type="en:Beam"/>
  </node>
  <node id="52" en:Value="en:F5 flat" en:Type="en:Note"/>
  <node id="53" en:Type="en:Island" data-StaffConnects="true">
    <edge to="54" en:Type="en:Token"/>
    <edge to="56" en:Type="en:Partwise"/>
  </node>
  <node id="54" en:Kind="en:Chord" en:Type="en:Token" en:NoteValue="1/16">
    <edge to="55" en:Type="en:Note"/>
    <edge to="57" en:Type="en:Beam"/>
  </node>
  <node id="55" en:Value="en:E5 flat" en:Type="en:Note"/>
  <node id="56" en:Type="en:Island" data-StaffConnects="true">
    <edge to="57" en:Type="en:Token"/>
    <edge to="59" en:Type="en:Partwise"/>
    <edge to="57t" en:Type="en:Float" en:Placement="en:Above"/>
  </node>
  <node id="57t" en:Kind="en:Expression" en:Type="en:Float" en:Placement="en:Above" data-Text="2" data-Size="10" data-Style="Regular"/>
  <node id="57" en:Kind="en:Chord" en:Type="en:Token" en:NoteValue="1/32">
    <edge to="58" en:Type="en:Note"/>
  </node>
  <node id="58" en:Value="en:B4 flat" en:Type="en:Note"/>
  <node id="59" en:Type="en:Island" data-StaffConnects="true">
    <edge to="60" en:Type="en:Token"/>
    <edge to="60t" en:Type="en:Float" en:Placement="en:Above"/>
    <edge to="60f" en:Type="en:Float" en:Placement="en:Below"/>
    <edge to="62" en:Type="en:Partwise"/>
    <edge to="96" en:Type="en:Instant-wise"/>
  </node>
  <node id="60" en:Kind="en:Chord" en:Type="en:Token" en:NoteValue="1/16">
    <edge to="61" en:Type="en:Note"/>
    <edge to="63" en:Type="en:Beam"/>
    <edge to="63" en:Type="en:Slur"/>
  </node>
  <node id="60t" en:Kind="en:Expression" en:Type="en:Float" en:Placement="en:Above" data-Text="3" data-Size="10" data-Style="Regular"/>
  <node id="60f" en:Kind="en:Pedal Marking" en:PedalMarking="en:Damper Pedal Release" en:Type="en:Float" en:Placement="en:Below">
  </node>
  <node id="61" en:Value="en:D5 flat" en:Type="en:Note"/>
  <node id="62" en:Type="en:Island" data-StaffConnects="true">
    <edge to="63" en:Type="en:Token"/>
    <edge to="65" en:Type="en:Partwise"/>
  </node>
  <node id="63" en:Kind="en:Chord" en:Type="en:Token" en:NoteValue="1/16">
    <edge to="64" en:Type="en:Note"/>
  </node>
  <node id="64" en:Value="en:C5 flat" en:Type="en:Note"/>
  <node id="65" en:Type="en:Island" data-StaffConnects="true">
    <edge to="66" en:Type="en:Token"/>
    <edge to="67" en:Type="en:Partwise"/>
    <edge to="100" en:Type="en:Instant-wise"/>
  </node>
  <node id="66" en:Kind="en:Token" en:Type="en:Token"/>
  <node id="67" en:Type="en:Island" data-StaffConnects="true">
    <edge to="68" en:Type="en:Token"/>
    <edge to="113" en:Type="en:Instant-wise"/>
  </node>
  <node id="68" en:Kind="en:Barline" en:Value="en:Standard Barline" en:Type="en:Token"/>
  <node id="69" en:Type="en:Island" data-StaffConnects="true" data-StaffLines="5" data-StaffOffset="-12.0" data-StaffScale="1.0">
    <edge to="70" en:Type="en:Token"/>
    <edge to="71" en:Type="en:Partwise"/>
  </node>
  <node id="70" en:Kind="en:Barline" en:Value="en:Standard Barline" en:Type="en:Token" data-Brace="Brace"/>
  <node id="71" en:Type="en:Island" data-StaffConnects="true">
    <edge to="72" en:Type="en:Token"/>
    <edge to="73" en:Type="en:Partwise"/>
  </node>
  <node id="72" en:Kind="en:Clef" en:Value="en:Bass Clef" en:Type="en:Token"/>
  <node id="73" en:Type="en:Island" data-StaffConnects="true">
    <edge to="74" en:Type="en:Token"/>
    <edge to="75" en:Type="en:Partwise"/>
  </node>
  <node id="74" en:Kind="en:Key Signature" en:Value="en:Five Flats" en:Type="en:Token"/>
  <node id="75" en:Type="en:Island" data-StaffConnects="true">
    <edge to="76" en:Type="en:Token"/>
    <edge to="78" en:Type="en:Partwise"/>
  </node>
  <node id="76" en:Kind="en:Chord" en:Type="en:Token" en:NoteValue="1/32">
    <edge to="77" en:Type="en:Note"/>
    <edge to="79" en:Type="en:Beam"/>
    <edge to="88" en:Type="en:Slur"/>
  </node>
  <node id="77" en:Value="en:E2 flat" en:Type="en:Note"/>
  <node id="78" en:Type="en:Island" data-StaffConnects="true">
    <edge to="79" en:Type="en:Token"/>
    <edge to="81" en:Type="en:Partwise"/>
  </node>
  <node id="79" en:Kind="en:Chord" en:Type="en:Token" en:NoteValue="1/32">
    <edge to="80" en:Type="en:Note"/>
    <edge to="82" en:Type="en:Beam"/>
  </node>
  <node id="80" en:Value="en:G2" en:Type="en:Note"/>
  <node id="81" en:Type="en:Island" data-StaffConnects="true">
    <edge to="82" en:Type="en:Token"/>
    <edge to="84" en:Type="en:Partwise"/>
  </node>
  <node id="82" en:Kind="en:Chord" en:Type="en:Token" en:NoteValue="1/32">
    <edge to="83" en:Type="en:Note"/>
    <edge to="85" en:Type="en:Beam"/>
  </node>
  <node id="83" en:Value="en:B2 flat" en:Type="en:Note"/>
  <node id="84" en:Type="en:Island" data-StaffConnects="true">
    <edge to="85" en:Type="en:Token"/>
    <edge to="87" en:Type="en:Partwise"/>
  </node>
  <node id="85" en:Kind="en:Chord" en:Type="en:Token" en:NoteValue="1/32">
    <edge to="86" en:Type="en:Note"/>
    <edge to="88" en:Type="en:Beam"/>
  </node>
  <node id="86" en:Value="en:D3 flat" en:Type="en:Note"/>
  <node id="87" en:Type="en:Island" data-StaffConnects="true">
    <edge to="88" en:Type="en:Token"/>
    <edge to="90" en:Type="en:Partwise"/>
  </node>
  <node id="88" en:Kind="en:Chord" en:Type="en:Token" en:NoteValue="1/32">
    <edge to="89" en:Type="en:Note"/>
  </node>
  <node id="89" en:Value="en:E3 flat" en:Type="en:Note"/>
  <node id="90" en:Type="en:Island" data-StaffConnects="true">
    <edge to="91" en:Type="en:Token"/>
    <edge to="92" en:Type="en:Partwise"/>
  </node>
  <node id="91" en:Kind="en:Chord" en:Type="en:Token" en:NoteValue="1/8"/>
  <node id="92" en:Type="en:Island" data-StaffConnects="true">
    <edge to="93" en:Type="en:Token"/>
    <edge to="94" en:Type="en:Partwise"/>
  </node>
  <node id="93" en:Kind="en:Chord" en:Type="en:Token" en:NoteValue="1/2"/>
  <node id="94" en:Type="en:Island" data-StaffConnects="true">
    <edge to="95" en:Type="en:Token"/>
    <edge to="96" en:Type="en:Partwise"/>
  </node>
  <node id="95" en:Kind="en:Chord" en:Type="en:Token" en:NoteValue="1/2"/>
  <node id="96" en:Type="en:Island" data-StaffConnects="true">
    <edge to="97" en:Type="en:Token"/>
    <edge to="100" en:Type="en:Partwise"/>
  </node>
  <node id="97" en:Kind="en:Chord" en:Type="en:Token" en:NoteValue="1/8">
    <edge to="98" en:Type="en:Note"/>
    <edge to="99" en:Type="en:Note"/>
  </node>
  <node id="98" en:Value="en:A3 flat" en:Type="en:Note"/>
  <node id="99" en:Value="en:C4 flat" en:Type="en:Note"/>
  <node id="100" en:Type="en:Island" data-StaffConnects="true">
    <edge to="101" en:Type="en:Token"/>
    <edge to="101b" en:Type="en:Token"/>
    <edge to="101t" en:Type="en:Float" en:Placement="en:Above"/>
    <edge to="101f" en:Type="en:Float" en:Placement="en:Below"/>
    <edge to="104" en:Type="en:Partwise"/>
  </node>
  <node id="101t" en:Kind="en:Expression" en:Type="en:Float" en:Placement="en:Above" data-Text="andante" data-Size="12" data-Style="Bold"/>
  <node id="101f" en:Kind="en:Expression" en:Type="en:Float" en:Placement="en:Below" data-Text="cresc." data-Size="12"/>
  <node id="101" en:Kind="en:Chord" en:Type="en:Token" en:NoteValue="1/8">
    <edge to="102" en:Type="en:Note"/>
    <edge to="103" en:Type="en:Note"/>
    <edge to="105" en:Type="en:Beam"/>
  </node>
  <node id="101b" en:Kind="en:Chord" en:Type="en:Token" en:NoteValue="1/8">
    <edge to="102b" en:Type="en:Note"/>
    <edge to="103b" en:Type="en:Note"/>
    <edge to="105b" en:Type="en:Beam"/>
  </node>
  <node id="102" en:Value="en:A3 flat" en:Type="en:Note"/>
  <node id="103" en:Value="en:C4 flat" en:Accidental="en:Flat" en:Type="en:Note"/>
  <node id="102b" en:Value="en:F3 flat" en:Type="en:Note"/>
  <node id="103b" en:Value="en:F2 flat" en:Type="en:Note"/>
  <node id="104" en:Type="en:Island" data-StaffConnects="true">
    <edge to="105" en:Type="en:Token"/>
    <edge to="105b" en:Type="en:Token"/>
    <edge to="108" en:Type="en:Partwise"/>
  </node>
  <node id="105" en:Kind="en:Chord" en:Type="en:Token" en:NoteValue="1/8">
    <edge to="106" en:Type="en:Note"/>
    <edge to="107" en:Type="en:Note"/>
    <edge to="109" en:Type="en:Beam"/>
  </node>
  <node id="105b" en:Kind="en:Chord" en:Type="en:Token" en:NoteValue="1/8">
    <edge to="106b" en:Type="en:Note"/>
    <edge to="107b" en:Type="en:Note"/>
    <edge to="109b" en:Type="en:Beam"/>
  </node>
  <node id="106" en:Value="en:F3 flat" en:Accidental="en:Flat" en:Type="en:Note"/>
  <node id="107" en:Value="en:B3 double-flat" en:Type="en:Note"/>
  <node id="106b" en:Value="en:D3 flat" en:Type="en:Note"/>
  <node id="107b" en:Value="en:D2 flat" en:Type="en:Note"/>
  <node id="108" en:Type="en:Island" data-StaffConnects="true">
    <edge to="109" en:Type="en:Token"/>
    <edge to="109b" en:Type="en:Token"/>
    <edge to="113" en:Type="en:Partwise"/>
  </node>
  <node id="109" en:Kind="en:Chord" en:Type="en:Token" en:NoteValue="1/8">
    <edge to="110" en:Type="en:Note"/>
    <edge to="111" en:Type="en:Note"/>
    <edge to="112" en:Type="en:Note"/>
  </node>
  <node id="109b" en:Kind="en:Chord" en:Type="en:Token" en:NoteValue="1/8">
    <edge to="110b" en:Type="en:Note"/>
    <edge to="111b" en:Type="en:Note"/>
  </node>
  <node id="110" en:Value="en:B3 double-flat" en:Type="en:Note"/>
  <node id="111" en:Value="en:G3 flat" en:Accidental="en:Flat" en:Type="en:Note"/>
  <node id="110b" en:Value="en:C3 flat" en:Type="en:Note"/>
  <node id="111b" en:Value="en:C2 flat" en:Type="en:Note"/>
  <node id="112" en:Value="en:E3 flat" en:Type="en:Note"/>
  <node id="113" en:Type="en:Island" data-StaffConnects="true">
    <edge to="114" en:Type="en:Token"/>
  </node>
  <node id="114" en:Kind="en:Barline" en:Value="en:Standard Barline" en:Type="en:Token"/>
</graph>
