<graph>
  <node id="0" en:Value="en:E3 flat" en:Type="en:Note"/>
  <node id="1" en:Value="en:A2 flat" en:Type="en:Note"/>
  <node id="2" en:Type="en:Island" data-StaffConnects="true">
    <edge to="3" en:Type="en:Token"/>
    <edge to="7" en:Type="en:Partwise"/>
  </node>
  <node id="3" en:Kind="en:Chord" en:Type="en:Token" en:NoteValue="1/16">
    <edge to="4" en:Type="en:Note"/>
    <edge to="5" en:Type="en:Note"/>
    <edge to="6" en:Type="en:Note"/>
  </node>
  <node id="4" en:Value="en:C3 flat" en:Type="en:Note"/>
  <node id="5" en:Value="en:E3 flat" en:Type="en:Note"/>
  <node id="6" en:Value="en:A2 flat" en:Type="en:Note"/>
  <node id="7" en:Type="en:Island" data-StaffConnects="true">
    <edge to="8" en:Type="en:Token"/>
    <edge to="12" en:Type="en:Partwise"/>
  </node>
  <node id="8" en:Kind="en:Chord" en:Type="en:Token" en:NoteValue="1/16">
    <edge to="9" en:Type="en:Note"/>
    <edge to="10" en:Type="en:Note"/>
    <edge to="11" en:Type="en:Note"/>
    <edge to="13" en:Type="en:Beam"/>
  </node>
  <node id="9" en:Value="en:C3 flat" en:Type="en:Note"/>
  <node id="10" en:Value="en:E3 flat" en:Type="en:Note"/>
  <node id="11" en:Value="en:A2 flat" en:Type="en:Note"/>
  <node id="12" en:Type="en:Island" data-StaffConnects="true">
    <edge to="13" en:Type="en:Token"/>
    <edge to="17" en:Type="en:Partwise"/>
  </node>
  <node id="13" en:Kind="en:Chord" en:Type="en:Token" en:NoteValue="1/16">
    <edge to="14" en:Type="en:Note"/>
    <edge to="15" en:Type="en:Note"/>
    <edge to="16" en:Type="en:Note"/>
    <edge to="18" en:Type="en:Beam"/>
  </node>
  <node id="14" en:Value="en:C3 flat" en:Type="en:Note"/>
  <node id="15" en:Value="en:E3 flat" en:Type="en:Note"/>
  <node id="16" en:Value="en:A2 flat" en:Type="en:Note"/>
  <node id="17" en:Type="en:Island" data-StaffConnects="true">
    <edge to="18" en:Type="en:Token"/>
    <edge to="22" en:Type="en:Partwise"/>
  </node>
  <node id="18" en:Kind="en:Chord" en:Type="en:Token" en:NoteValue="1/16">
    <edge to="19" en:Type="en:Note"/>
    <edge to="20" en:Type="en:Note"/>
    <edge to="21" en:Type="en:Note"/>
  </node>
  <node id="19" en:Value="en:C3 flat" en:Type="en:Note"/>
  <node id="20" en:Value="en:E3 flat" en:Type="en:Note"/>
  <node id="21" en:Value="en:A2 flat" en:Type="en:Note"/>
  <node id="22" en:Type="en:Island" data-StaffConnects="true">
    <edge to="23" en:Type="en:Token"/>
    <edge to="24" en:Type="en:Partwise"/>
    <edge to="23p" en:Type="en:Float" en:Placement="en:Below" en:Kind="en:Pedal Marking"/>
  </node>
  <node id="23p" en:Kind="en:Pedal Marking" en:Type="en:Float" en:Placement="en:Below" en:PedalMarking="en:Damper Pedal Release"/>
  <node id="23" en:Kind="en:Barline" en:Value="en:Standard Barline" en:Type="en:Token"/>
  <node id="24" en:Type="en:Island" data-StaffConnects="true">
    <edge to="25" en:Type="en:Token"/>
    <edge to="29" en:Type="en:Partwise"/>
  </node>
  <node id="25" en:Kind="en:Chord" en:Type="en:Token" en:NoteValue="1/16">
    <edge to="26" en:Type="en:Note"/>
    <edge to="27" en:Type="en:Note"/>
    <edge to="28" en:Type="en:Note"/>
    <edge to="30" en:Type="en:Beam"/>
  </node>
  <node id="26" en:Value="en:B2 flat" en:Type="en:Note"/>
  <node id="27" en:Value="en:D3 flat" en:Type="en:Note"/>
  <node id="28" en:Value="en:E3 flat" en:Type="en:Note"/>
  <node id="29" en:Type="en:Island" data-StaffConnects="true">
    <edge to="30" en:Type="en:Token"/>
    <edge to="34" en:Type="en:Partwise"/>
  </node>
  <node id="30" en:Kind="en:Chord" en:Type="en:Token" en:NoteValue="1/16">
    <edge to="31" en:Type="en:Note"/>
    <edge to="32" en:Type="en:Note"/>
    <edge to="33" en:Type="en:Note"/>
    <edge to="35" en:Type="en:Beam"/>
  </node>
  <node id="31" en:Value="en:B2 flat" en:Type="en:Note"/>
  <node id="32" en:Value="en:D3 flat" en:Type="en:Note"/>
  <node id="33" en:Value="en:E3 flat" en:Type="en:Note"/>
  <node id="34" en:Type="en:Island" data-StaffConnects="true">
    <edge to="35" en:Type="en:Token"/>
    <edge to="39" en:Type="en:Partwise"/>
  </node>
  <node id="35" en:Kind="en:Chord" en:Type="en:Token" en:NoteValue="1/16">
    <edge to="36" en:Type="en:Note"/>
    <edge to="37" en:Type="en:Note"/>
    <edge to="38" en:Type="en:Note"/>
  </node>
  <node id="36" en:Value="en:B2 flat" en:Type="en:Note"/>
  <node id="37" en:Value="en:D3 flat" en:Type="en:Note"/>
  <node id="38" en:Value="en:E3 flat" en:Type="en:Note"/>
  <node id="39" en:Type="en:Island" data-StaffConnects="true">
    <edge to="40" en:Type="en:Token"/>
    <edge to="44" en:Type="en:Partwise"/>
  </node>
  <node id="40" en:Kind="en:Chord" en:Type="en:Token" en:NoteValue="1/16">
    <edge to="41" en:Type="en:Note"/>
    <edge to="42" en:Type="en:Note"/>
    <edge to="43" en:Type="en:Note"/>
    <edge to="45" en:Type="en:Beam"/>
  </node>
  <node id="41" en:Value="en:B2 flat" en:Type="en:Note"/>
  <node id="42" en:Value="en:D3 flat" en:Type="en:Note"/>
  <node id="43" en:Value="en:E3 flat" en:Type="en:Note"/>
  <node id="44" en:Type="en:Island" data-StaffConnects="true">
    <edge to="45" en:Type="en:Token"/>
    <edge to="49" en:Type="en:Partwise"/>
  </node>
  <node id="45" en:Kind="en:Chord" en:Type="en:Token" en:NoteValue="1/16">
    <edge to="46" en:Type="en:Note"/>
    <edge to="47" en:Type="en:Note"/>
    <edge to="48" en:Type="en:Note"/>
    <edge to="50" en:Type="en:Beam"/>
  </node>
  <node id="46" en:Value="en:B2 flat" en:Type="en:Note"/>
  <node id="47" en:Value="en:D3 flat" en:Type="en:Note"/>
  <node id="48" en:Value="en:E3 flat" en:Type="en:Note"/>
  <node id="49" en:Type="en:Island" data-StaffConnects="true">
    <edge to="50" en:Type="en:Token"/>
    <edge to="54" en:Type="en:Partwise"/>
  </node>
  <node id="50" en:Kind="en:Chord" en:Type="en:Token" en:NoteValue="1/16">
    <edge to="51" en:Type="en:Note"/>
    <edge to="52" en:Type="en:Note"/>
    <edge to="53" en:Type="en:Note"/>
  </node>
  <node id="51" en:Value="en:B2 flat" en:Type="en:Note"/>
  <node id="52" en:Value="en:D3 flat" en:Type="en:Note"/>
  <node id="53" en:Value="en:E3 flat" en:Type="en:Note"/>
  <node id="54" en:Type="en:Island" data-StaffConnects="true">
    <edge to="55" en:Type="en:Token"/>
    <edge to="59" en:Type="en:Partwise"/>
  </node>
  <node id="55" en:Kind="en:Chord" en:Type="en:Token" en:NoteValue="1/16">
    <edge to="56" en:Type="en:Note"/>
    <edge to="57" en:Type="en:Note"/>
    <edge to="58" en:Type="en:Note"/>
    <edge to="60" en:Type="en:Beam"/>
  </node>
  <node id="56" en:Value="en:B2 flat" en:Type="en:Note"/>
  <node id="57" en:Value="en:D3 flat" en:Type="en:Note"/>
  <node id="58" en:Value="en:E3 flat" en:Type="en:Note"/>
  <node id="59" en:Type="en:Island" data-StaffConnects="true">
    <edge to="60" en:Type="en:Token"/>
    <edge to="64" en:Type="en:Partwise"/>
  </node>
  <node id="60" en:Kind="en:Chord" en:Type="en:Token" en:NoteValue="1/16">
    <edge to="61" en:Type="en:Note"/>
    <edge to="62" en:Type="en:Note"/>
    <edge to="63" en:Type="en:Note"/>
    <edge to="65" en:Type="en:Beam"/>
  </node>
  <node id="61" en:Value="en:B2 flat" en:Type="en:Note"/>
  <node id="62" en:Value="en:D3 flat" en:Type="en:Note"/>
  <node id="63" en:Value="en:E3 flat" en:Type="en:Note"/>
  <node id="64" en:Type="en:Island" data-StaffConnects="true">
    <edge to="65" en:Type="en:Token"/>
    <edge to="69" en:Type="en:Partwise"/>
  </node>
  <node id="65" en:Kind="en:Chord" en:Type="en:Token" en:NoteValue="1/16">
    <edge to="66" en:Type="en:Note"/>
    <edge to="67" en:Type="en:Note"/>
    <edge to="68" en:Type="en:Note"/>
  </node>
  <node id="66" en:Value="en:B2 flat" en:Type="en:Note"/>
  <node id="67" en:Value="en:D3 flat" en:Type="en:Note"/>
  <node id="68" en:Value="en:E3 flat" en:Type="en:Note"/>
  <node id="69" en:Type="en:Island" data-StaffConnects="true">
    <edge to="70" en:Type="en:Token"/>
    <edge to="74" en:Type="en:Partwise"/>
  </node>
  <node id="70" en:Kind="en:Chord" en:Type="en:Token" en:StemDirection="en:Down" en:NoteValue="1/16">
    <edge to="71" en:Type="en:Note"/>
    <edge to="72" en:Type="en:Note"/>
    <edge to="73" en:Type="en:Note"/>
    <edge to="75" en:Type="en:Beam"/>
  </node>
  <node id="71" en:Value="en:B2 flat" en:Type="en:Note"/>
  <node id="72" en:Value="en:D3 flat" en:Type="en:Note"/>
  <node id="73" en:Value="en:E3 flat" en:Type="en:Note"/>
  <node id="74" en:Type="en:Island" data-StaffConnects="true">
    <edge to="75" en:Type="en:Token"/>
    <edge to="79" en:Type="en:Partwise"/>
  </node>
  <node id="75" en:Kind="en:Chord" en:Type="en:Token" en:NoteValue="1/16">
    <edge to="76" en:Type="en:Note"/>
    <edge to="77" en:Type="en:Note"/>
    <edge to="78" en:Type="en:Note"/>
    <edge to="80" en:Type="en:Beam"/>
  </node>
  <node id="76" en:Value="en:B2 flat" en:Type="en:Note"/>
  <node id="77" en:Value="en:D3 flat" en:Type="en:Note"/>
  <node id="78" en:Value="en:E3 flat" en:Type="en:Note"/>
  <node id="79" en:Type="en:Island" data-StaffConnects="true">
    <edge to="80" en:Type="en:Token"/>
    <edge to="85" en:Type="en:Partwise"/>
  </node>
  <node id="80" en:Kind="en:Chord" en:Type="en:Token" en:NoteValue="1/16">
    <edge to="81" en:Type="en:Note"/>
    <edge to="82" en:Type="en:Note"/>
    <edge to="83" en:Type="en:Note"/>
    <edge to="84" en:Type="en:Note"/>
  </node>
  <node id="81" en:Value="en:B2 flat" en:Type="en:Note"/>
  <node id="82" en:Value="en:D3 flat" en:Type="en:Note"/>
  <node id="83" en:Value="en:E3 flat" en:Type="en:Note"/>
  <node id="84" en:Value="en:G3" en:Type="en:Note"/>
  <node id="85" en:Type="en:Island" data-StaffConnects="true">
    <edge to="86" en:Type="en:Token"/>
  </node>
  <node id="86" en:Kind="en:Barline" en:Value="en:Standard Barline" en:Type="en:Token"/>
  <node id="87" root="root" en:Type="en:Island" data-StaffConnects="true" data-StaffLines="5" data-StaffOffset="0.0" data-StaffScale="1.0">
    <edge to="195" en:StaffBracket="en:Brace"/>
    <edge to="88" en:Type="en:Token"/>
    <edge to="89" en:Type="en:Partwise"/>
    <edge to="195" en:Type="en:Instant-wise"/>
  </node>
  <node id="88" en:Kind="en:Barline" en:Value="en:Standard Barline" en:Type="en:Token"/>
  <node id="89" en:Type="en:Island" data-StaffConnects="true">
    <edge to="90" en:Type="en:Token"/>
    <edge to="91" en:Type="en:Partwise"/>
    <edge to="197" en:Type="en:Instant-wise"/>
  </node>
  <node id="90" en:Kind="en:Clef" en:Value="en:Treble Clef" en:Type="en:Token"/>
  <node id="91" en:Type="en:Island" data-StaffConnects="true">
    <edge to="92" en:Type="en:Token"/>
    <edge to="93" en:Type="en:Partwise"/>
    <edge to="199" en:Type="en:Instant-wise"/>
  </node>
  <node id="92" en:Kind="en:Key Signature" en:Value="en:Six Flats" en:Type="en:Token"/>
  <node id="93" en:Type="en:Island" data-StaffConnects="true">
    <edge to="94" en:Type="en:Token"/>
    <edge to="97" en:Type="en:Partwise"/>
    <edge to="94f" en:Type="en:Float" en:Placement="en:Below"/>
    <edge to="201" en:Type="en:Instant-wise"/>
  </node>
  <node id="94f" en:Kind="en:Expression" en:Type="en:Float" en:Placement="en:Below" data-Text="cresc."/>
  <node id="94" en:Kind="en:Chord" en:Type="en:Token" en:NoteValue="1/16">
    <edge to="95" en:Type="en:Note"/>
    <edge to="96" en:Type="en:Note"/>
    <edge to="98" en:Type="en:Beam"/>
  </node>
  <node id="95" en:Value="en:C4 flat" en:Type="en:Note"/>
  <node id="96" en:Value="en:E4 flat" en:Type="en:Note"/>
  <node id="97" en:Type="en:Island" data-StaffConnects="true">
    <edge to="98" en:Type="en:Token"/>
    <edge to="101" en:Type="en:Partwise"/>
    <edge to="205" en:Type="en:Instant-wise"/>
  </node>
  <node id="98" en:Kind="en:Chord" en:Type="en:Token" en:NoteValue="1/16">
    <edge to="99" en:Type="en:Note"/>
    <edge to="100" en:Type="en:Note"/>
    <edge to="102" en:Type="en:Beam"/>
  </node>
  <node id="99" en:Value="en:C4 flat" en:Type="en:Note"/>
  <node id="100" en:Value="en:E4 flat" en:Type="en:Note"/>
  <node id="101" en:Type="en:Island" data-StaffConnects="true">
    <edge to="102" en:Type="en:Token"/>
    <edge to="105" en:Type="en:Partwise"/>
    <edge to="209" en:Type="en:Instant-wise"/>
  </node>
  <node id="102" en:Kind="en:Chord" en:Type="en:Token" en:NoteValue="1/16">
    <edge to="103" en:Type="en:Note"/>
    <edge to="104" en:Type="en:Note"/>
  </node>
  <node id="103" en:Value="en:C4 flat" en:Type="en:Note"/>
  <node id="104" en:Value="en:E4 flat" en:Type="en:Note"/>
  <node id="105" en:Type="en:Island" data-StaffConnects="true">
    <edge to="106" en:Type="en:Token"/>
    <edge to="109" en:Type="en:Partwise"/>
    <edge to="213" en:Type="en:Instant-wise"/>
  </node>
  <node id="106" en:Kind="en:Chord" en:Type="en:Token" en:NoteValue="1/16">
    <edge to="107" en:Type="en:Note"/>
    <edge to="108" en:Type="en:Note"/>
    <edge to="110" en:Type="en:Beam"/>
  </node>
  <node id="107" en:Value="en:C4 flat" en:Type="en:Note"/>
  <node id="108" en:Value="en:E4 flat" en:Type="en:Note"/>
  <node id="109" en:Type="en:Island" data-StaffConnects="true">
    <edge to="110" en:Type="en:Token"/>
    <edge to="113" en:Type="en:Partwise"/>
    <edge to="217" en:Type="en:Instant-wise"/>
  </node>
  <node id="110" en:Kind="en:Chord" en:Type="en:Token" en:NoteValue="1/16">
    <edge to="111" en:Type="en:Note"/>
    <edge to="112" en:Type="en:Note"/>
    <edge to="114" en:Type="en:Beam"/>
  </node>
  <node id="111" en:Value="en:C4 flat" en:Type="en:Note"/>
  <node id="112" en:Value="en:E4 flat" en:Type="en:Note"/>
  <node id="113" en:Type="en:Island" data-StaffConnects="true">
    <edge to="114" en:Type="en:Token"/>
    <edge to="117" en:Type="en:Partwise"/>
    <edge to="221" en:Type="en:Instant-wise"/>
  </node>
  <node id="114" en:Kind="en:Chord" en:Type="en:Token" en:NoteValue="1/16">
    <edge to="115" en:Type="en:Note"/>
    <edge to="116" en:Type="en:Note"/>
  </node>
  <node id="115" en:Value="en:C4 flat" en:Type="en:Note"/>
  <node id="116" en:Value="en:E4 flat" en:Type="en:Note"/>
  <node id="117" en:Type="en:Island" data-StaffConnects="true">
    <edge to="118" en:Type="en:Token"/>
    <edge to="122" en:Type="en:Partwise"/>
    <edge to="225" en:Type="en:Instant-wise"/>
  </node>
  <node id="118" en:Kind="en:Chord" en:Type="en:Token" en:NoteValue="1/16">
    <edge to="119" en:Type="en:Note"/>
    <edge to="120" en:Type="en:Note"/>
    <edge to="121" en:Type="en:Note"/>
    <edge to="123" en:Type="en:Beam"/>
  </node>
  <node id="119" en:Value="en:C4 flat" en:Type="en:Note"/>
  <node id="120" en:Value="en:E4 flat" en:Type="en:Note"/>
  <node id="121" en:Value="en:A3 flat" en:Type="en:Note"/>
  <node id="122" en:Type="en:Island" data-StaffConnects="true">
    <edge to="123" en:Type="en:Token"/>
    <edge to="127" en:Type="en:Partwise"/>
    <edge to="230" en:Type="en:Instant-wise"/>
  </node>
  <node id="123" en:Kind="en:Chord" en:Type="en:Token" en:NoteValue="1/16">
    <edge to="124" en:Type="en:Note"/>
    <edge to="125" en:Type="en:Note"/>
    <edge to="126" en:Type="en:Note"/>
    <edge to="128" en:Type="en:Beam"/>
  </node>
  <node id="124" en:Value="en:C4 flat" en:Type="en:Note"/>
  <node id="125" en:Value="en:E4 flat" en:Type="en:Note"/>
  <node id="126" en:Value="en:A3 flat" en:Type="en:Note"/>
  <node id="127" en:Type="en:Island" data-StaffConnects="true">
    <edge to="128" en:Type="en:Token"/>
    <edge to="132" en:Type="en:Partwise"/>
    <edge to="235" en:Type="en:Instant-wise"/>
  </node>
  <node id="128" en:Kind="en:Chord" en:Type="en:Token" en:NoteValue="1/16">
    <edge to="129" en:Type="en:Note"/>
    <edge to="130" en:Type="en:Note"/>
    <edge to="131" en:Type="en:Note"/>
  </node>
  <node id="129" en:Value="en:C4 flat" en:Type="en:Note"/>
  <node id="130" en:Value="en:E4 flat" en:Type="en:Note"/>
  <node id="131" en:Value="en:A3 flat" en:Type="en:Note"/>
  <node id="132" en:Type="en:Island" data-StaffConnects="true">
    <edge to="133" en:Type="en:Token"/>
    <edge to="137" en:Type="en:Partwise"/>
    <edge to="240" en:Type="en:Instant-wise"/>
  </node>
  <node id="133" en:Kind="en:Chord" en:Type="en:Token" en:NoteValue="1/16">
    <edge to="134" en:Type="en:Note"/>
    <edge to="135" en:Type="en:Note"/>
    <edge to="136" en:Type="en:Note"/>
    <edge to="138" en:Type="en:Beam"/>
  </node>
  <node id="134" en:Value="en:C4 flat" en:Type="en:Note"/>
  <node id="135" en:Value="en:E4 flat" en:Type="en:Note"/>
  <node id="136" en:Value="en:A3 flat" en:Type="en:Note"/>
  <node id="137" en:Type="en:Island" data-StaffConnects="true">
    <edge to="138" en:Type="en:Token"/>
    <edge to="138f" en:Type="en:Float" en:Placement="en:Below"/>
    <edge to="142" en:Type="en:Partwise"/>
    <edge to="245" en:Type="en:Instant-wise"/>
  </node>
  <node id="138f" en:Kind="en:Expression" en:Type="en:Float" en:Placement="en:Below" data-Text="dim."/>
  <node id="138" en:Kind="en:Chord" en:Type="en:Token" en:NoteValue="1/16">
    <edge to="139" en:Type="en:Note"/>
    <edge to="140" en:Type="en:Note"/>
    <edge to="141" en:Type="en:Note"/>
    <edge to="143" en:Type="en:Beam"/>
  </node>
  <node id="139" en:Value="en:C4 flat" en:Type="en:Note"/>
  <node id="140" en:Value="en:E4 flat" en:Type="en:Note"/>
  <node id="141" en:Value="en:A3 flat" en:Type="en:Note"/>
  <node id="142" en:Type="en:Island" data-StaffConnects="true">
    <edge to="143" en:Type="en:Token"/>
    <edge to="147" en:Type="en:Partwise"/>
    <edge to="250" en:Type="en:Instant-wise"/>
  </node>
  <node id="143" en:Kind="en:Chord" en:Type="en:Token" en:NoteValue="1/16">
    <edge to="144" en:Type="en:Note"/>
    <edge to="145" en:Type="en:Note"/>
    <edge to="146" en:Type="en:Note"/>
  </node>
  <node id="144" en:Value="en:C4 flat" en:Type="en:Note"/>
  <node id="145" en:Value="en:E4 flat" en:Type="en:Note"/>
  <node id="146" en:Value="en:A3 flat" en:Type="en:Note"/>
  <node id="147" en:Type="en:Island" data-StaffConnects="true">
    <edge to="148" en:Type="en:Token"/>
    <edge to="149" en:Type="en:Partwise"/>
    <edge to="255" en:Type="en:Instant-wise"/>
  </node>
  <node id="148" en:Kind="en:Barline" en:Value="en:Standard Barline" en:Type="en:Token"/>
  <node id="149" en:Type="en:Island" data-StaffConnects="true">
    <edge to="150" en:Type="en:Token"/>
    <edge to="150t" en:Type="en:Float" en:Placement="en:Above"/>
    <edge to="150f" en:Type="en:Float" en:Placement="en:Below"/>
    <edge to="152" en:Type="en:Partwise"/>
    <edge to="257" en:Type="en:Instant-wise"/>
  </node>
  <node id="150t" en:Kind="en:Expression" en:Type="en:Float" en:Placement="en:Above" data-Text="Arioso dolente." data-Style="Regular" data-Size="14">
    <edge to="150k" en:Type="en:Float" en:Placement="en:Above"/>
  </node>
  <node id="150k" en:Kind="en:Expression" en:Type="en:Float" en:Placement="en:Above" data-Text="(Klagender Gesang.)" data-Style="Bold" data-Size="14"/>
  <node id="150f" en:Kind="en:Expression" en:Type="en:Float" en:Placement="en:Below" data-Text="p"/>
  <node id="150" en:Kind="en:Chord" en:Type="en:Token" en:NoteValue="3/16">
    <edge to="151" en:Type="en:Note"/>
  </node>
  <node id="151" en:Value="en:E5 flat" en:Type="en:Note">
    <edge to="154" en:Type="en:Tie"/>
  </node>
  <node id="152" en:Type="en:Island" data-StaffConnects="true">
    <edge to="153" en:Type="en:Token"/>
    <edge to="155" en:Type="en:Partwise"/>
    <edge to="272" en:Type="en:Instant-wise"/>
  </node>
  <node id="153" en:Kind="en:Chord" en:Type="en:Token" en:NoteValue="1/8">
    <edge to="154" en:Type="en:Note"/>
    <edge to="156" en:Type="en:Beam"/>
  </node>
  <node id="154" en:Value="en:E5 flat" en:Type="en:Note"/>
  <node id="155" en:Type="en:Island" data-StaffConnects="true">
    <edge to="156" en:Type="en:Token"/>
    <edge to="158" en:Type="en:Partwise"/>
    <edge to="282" en:Type="en:Instant-wise"/>
  </node>
  <node id="156" en:Kind="en:Chord" en:Type="en:Token" en:NoteValue="1/16">
    <edge to="157" en:Type="en:Note"/>
  </node>
  <node id="157" en:Value="en:D5 flat" en:Type="en:Note">
    <edge to="160" en:Type="en:Tie"/>
  </node>
  <node id="158" en:Type="en:Island" data-StaffConnects="true">
    <edge to="159" en:Type="en:Token"/>
    <edge to="161" en:Type="en:Partwise"/>
    <edge to="287" en:Type="en:Instant-wise"/>
  </node>
  <node id="159" en:Kind="en:Chord" en:Type="en:Token" en:NoteValue="1/8">
    <edge to="160" en:Type="en:Note"/>
    <edge to="162" en:Type="en:Beam"/>
  </node>
  <node id="160" en:Value="en:D5 flat" en:Type="en:Note"/>
  <node id="161" en:Type="en:Island" data-StaffConnects="true">
    <edge to="162" en:Type="en:Token"/>
    <edge to="164" en:Type="en:Partwise"/>
    <edge to="2" en:Type="en:Instant-wise"/>
  </node>
  <node id="162" en:Kind="en:Chord" en:Type="en:Token" en:NoteValue="1/16">
    <edge to="163" en:Type="en:Note"/>
  </node>
  <node id="163" en:Value="en:C5 flat" en:Type="en:Note"/>
  <node id="164" en:Type="en:Island" data-StaffConnects="true">
    <edge to="165" en:Type="en:Token"/>
    <edge to="167" en:Type="en:Partwise"/>
    <edge to="7" en:Type="en:Instant-wise"/>
  </node>
  <node id="165" en:Kind="en:Chord" en:Type="en:Token" en:NoteValue="1/16">
    <edge to="166" en:Type="en:Note"/>
    <edge to="168" en:Type="en:Beam"/>
  </node>
  <node id="166" en:Value="en:B4 flat" en:Type="en:Note"/>
  <node id="167" en:Type="en:Island" data-StaffConnects="true">
    <edge to="168" en:Type="en:Token"/>
    <edge to="170" en:Type="en:Partwise"/>
    <edge to="12" en:Type="en:Instant-wise"/>
  </node>
  <node id="168" en:Kind="en:Chord" en:Type="en:Token" en:NoteValue="1/16">
    <edge to="169" en:Type="en:Note"/>
    <edge to="171" en:Type="en:Beam"/>
  </node>
  <node id="169" en:Value="en:C5 flat" en:Type="en:Note"/>
  <node id="170" en:Type="en:Island" data-StaffConnects="true">
    <edge to="171" en:Type="en:Token"/>
    <edge to="173" en:Type="en:Partwise"/>
    <edge to="17" en:Type="en:Instant-wise"/>
  </node>
  <node id="171" en:Kind="en:Chord" en:Type="en:Token" en:NoteValue="1/16">
    <edge to="172" en:Type="en:Note"/>
  </node>
  <node id="172" en:Value="en:A4 flat" en:Type="en:Note"/>
  <node id="173" en:Type="en:Island" data-StaffConnects="true">
    <edge to="174" en:Type="en:Token"/>
    <edge to="175" en:Type="en:Partwise"/>
    <edge to="22" en:Type="en:Instant-wise"/>
  </node>
  <node id="174" en:Kind="en:Barline" en:Value="en:Standard Barline" en:Type="en:Token"/>
  <node id="175" en:Type="en:Island" data-StaffConnects="true">
    <edge to="176" en:Type="en:Token"/>
    <edge to="178" en:Type="en:Partwise"/>
    <edge to="24" en:Type="en:Instant-wise"/>
  </node>
  <node id="176" en:Kind="en:Chord" en:Type="en:Token" en:NoteValue="3/16">
    <edge to="177" en:Type="en:Note"/>
    <edge to="179" en:Type="en:Beam"/>
  </node>
  <node id="177" en:Value="en:A4 flat" en:Type="en:Note"/>
  <node id="178" en:Type="en:Island" data-StaffConnects="true">
    <edge to="179" en:Type="en:Token"/>
    <edge to="181" en:Type="en:Partwise"/>
    <edge to="39" en:Type="en:Instant-wise"/>
  </node>
  <node id="179" en:Kind="en:Chord" en:Type="en:Token" en:NoteValue="3/16">
    <edge to="180" en:Type="en:Note"/>
  </node>
  <node id="180" en:Value="en:G4" en:Type="en:Note">
    <edge to="183" en:Type="en:Tie"/>
  </node>
  <node id="181" en:Type="en:Island" data-StaffConnects="true">
    <edge to="182" en:Type="en:Token"/>
    <edge to="184" en:Type="en:Partwise"/>
    <edge to="54" en:Type="en:Instant-wise"/>
  </node>
  <node id="182" en:Kind="en:Chord" en:Type="en:Token" en:StemDirection="en:Down" en:NoteValue="1/8">
    <edge to="183" en:Type="en:Note"/>
    <edge to="185" en:Type="en:Beam"/>
  </node>
  <node id="183" en:Value="en:G4" en:Type="en:Note"/>
  <node id="184" en:Type="en:Island" data-StaffConnects="true">
    <edge to="185" en:Type="en:Token"/>
    <edge to="187" en:Type="en:Partwise"/>
    <edge to="64" en:Type="en:Instant-wise"/>
  </node>
  <node id="185" en:Kind="en:Chord" en:Type="en:Token" en:NoteValue="1/16">
    <edge to="186" en:Type="en:Note"/>
  </node>
  <node id="186" en:Value="en:F5 flat" en:Type="en:Note">
    <edge to="189" en:Type="en:Tie"/>
  </node>
  <node id="187" en:Type="en:Island" data-StaffConnects="true">
    <edge to="188" en:Type="en:Token"/>
    <edge to="190" en:Type="en:Partwise"/>
    <edge to="69" en:Type="en:Instant-wise"/>
  </node>
  <node id="188" en:Kind="en:Chord" en:Type="en:Token" en:NoteValue="1/8">
    <edge to="189" en:Type="en:Note"/>
    <edge to="191" en:Type="en:Beam"/>
  </node>
  <node id="189" en:Value="en:F5 flat" en:Type="en:Note"/>
  <node id="190" en:Type="en:Island" data-StaffConnects="true">
    <edge to="191" en:Type="en:Token"/>
    <edge to="193" en:Type="en:Partwise"/>
    <edge to="79" en:Type="en:Instant-wise"/>
  </node>
  <node id="191" en:Kind="en:Chord" en:Type="en:Token" en:NoteValue="1/16">
    <edge to="192" en:Type="en:Note"/>
  </node>
  <node id="192" en:Value="en:E5 flat" en:Type="en:Note"/>
  <node id="193" en:Type="en:Island" data-StaffConnects="true">
    <edge to="194" en:Type="en:Token"/>
    <edge to="85" en:Type="en:Instant-wise"/>
  </node>
  <node id="194" en:Kind="en:Barline" en:Value="en:Standard Barline" en:Type="en:Token"/>
  <node id="195" en:Type="en:Island" data-StaffConnects="true" data-StaffLines="5" data-StaffOffset="-12.0" data-StaffScale="1.0">
    <edge to="196" en:Type="en:Token"/>
    <edge to="197" en:Type="en:Partwise"/>
  </node>
  <node id="196" en:Kind="en:Barline" en:Value="en:Standard Barline" en:Type="en:Token" data-Brace="Brace"/>
  <node id="197" en:Type="en:Island" data-StaffConnects="true">
    <edge to="198" en:Type="en:Token"/>
    <edge to="199" en:Type="en:Partwise"/>
  </node>
  <node id="198" en:Kind="en:Clef" en:Value="en:Bass Clef" en:Type="en:Token"/>
  <node id="199" en:Type="en:Island" data-StaffConnects="true">
    <edge to="200" en:Type="en:Token"/>
    <edge to="201" en:Type="en:Partwise"/>
  </node>
  <node id="200" en:Kind="en:Key Signature" en:Value="en:Six Flats" en:Type="en:Token"/>
  <node id="201" en:Type="en:Island" data-StaffConnects="true">
    <edge to="202" en:Type="en:Token"/>
    <edge to="205" en:Type="en:Partwise"/>
  </node>
  <node id="202" en:Kind="en:Chord" en:Type="en:Token" en:NoteValue="1/16">
    <edge to="203" en:Type="en:Note"/>
    <edge to="204" en:Type="en:Note"/>
    <edge to="206" en:Type="en:Beam"/>
  </node>
  <node id="203" en:Value="en:C3 flat" en:Type="en:Note"/>
  <node id="204" en:Value="en:E3 flat" en:Type="en:Note"/>
  <node id="205" en:Type="en:Island" data-StaffConnects="true">
    <edge to="206" en:Type="en:Token"/>
    <edge to="209" en:Type="en:Partwise"/>
  </node>
  <node id="206" en:Kind="en:Chord" en:Type="en:Token" en:NoteValue="1/16">
    <edge to="207" en:Type="en:Note"/>
    <edge to="208" en:Type="en:Note"/>
    <edge to="210" en:Type="en:Beam"/>
  </node>
  <node id="207" en:Value="en:C3 flat" en:Type="en:Note"/>
  <node id="208" en:Value="en:E3 flat" en:Type="en:Note"/>
  <node id="209" en:Type="en:Island" data-StaffConnects="true">
    <edge to="210" en:Type="en:Token"/>
    <edge to="213" en:Type="en:Partwise"/>
  </node>
  <node id="210" en:Kind="en:Chord" en:Type="en:Token" en:NoteValue="1/16">
    <edge to="211" en:Type="en:Note"/>
    <edge to="212" en:Type="en:Note"/>
  </node>
  <node id="211" en:Value="en:C3 flat" en:Type="en:Note"/>
  <node id="212" en:Value="en:E3 flat" en:Type="en:Note"/>
  <node id="213" en:Type="en:Island" data-StaffConnects="true">
    <edge to="214" en:Type="en:Token"/>
    <edge to="217" en:Type="en:Partwise"/>
  </node>
  <node id="214" en:Kind="en:Chord" en:Type="en:Token" en:NoteValue="1/16">
    <edge to="215" en:Type="en:Note"/>
    <edge to="216" en:Type="en:Note"/>
    <edge to="218" en:Type="en:Beam"/>
  </node>
  <node id="215" en:Value="en:C3 flat" en:Type="en:Note"/>
  <node id="216" en:Value="en:E3 flat" en:Type="en:Note"/>
  <node id="217" en:Type="en:Island" data-StaffConnects="true">
    <edge to="218" en:Type="en:Token"/>
    <edge to="221" en:Type="en:Partwise"/>
  </node>
  <node id="218" en:Kind="en:Chord" en:Type="en:Token" en:NoteValue="1/16">
    <edge to="219" en:Type="en:Note"/>
    <edge to="220" en:Type="en:Note"/>
    <edge to="222" en:Type="en:Beam"/>
  </node>
  <node id="219" en:Value="en:C3 flat" en:Type="en:Note"/>
  <node id="220" en:Value="en:E3 flat" en:Type="en:Note"/>
  <node id="221" en:Type="en:Island" data-StaffConnects="true">
    <edge to="222" en:Type="en:Token"/>
    <edge to="225" en:Type="en:Partwise"/>
  </node>
  <node id="222" en:Kind="en:Chord" en:Type="en:Token" en:NoteValue="1/16">
    <edge to="223" en:Type="en:Note"/>
    <edge to="224" en:Type="en:Note"/>
  </node>
  <node id="223" en:Value="en:C3 flat" en:Type="en:Note"/>
  <node id="224" en:Value="en:E3 flat" en:Type="en:Note"/>
  <node id="225" en:Type="en:Island" data-StaffConnects="true">
    <edge to="226" en:Type="en:Token"/>
    <edge to="230" en:Type="en:Partwise"/>
  </node>
  <node id="226" en:Kind="en:Chord" en:Type="en:Token" en:NoteValue="1/16">
    <edge to="227" en:Type="en:Note"/>
    <edge to="228" en:Type="en:Note"/>
    <edge to="229" en:Type="en:Note"/>
    <edge to="231" en:Type="en:Beam"/>
  </node>
  <node id="227" en:Value="en:C3 flat" en:Type="en:Note"/>
  <node id="228" en:Value="en:E3 flat" en:Type="en:Note"/>
  <node id="229" en:Value="en:A2 flat" en:Type="en:Note"/>
  <node id="230" en:Type="en:Island" data-StaffConnects="true">
    <edge to="231" en:Type="en:Token"/>
    <edge to="235" en:Type="en:Partwise"/>
  </node>
  <node id="231" en:Kind="en:Chord" en:Type="en:Token" en:NoteValue="1/16">
    <edge to="232" en:Type="en:Note"/>
    <edge to="233" en:Type="en:Note"/>
    <edge to="234" en:Type="en:Note"/>
    <edge to="236" en:Type="en:Beam"/>
  </node>
  <node id="232" en:Value="en:C3 flat" en:Type="en:Note"/>
  <node id="233" en:Value="en:E3 flat" en:Type="en:Note"/>
  <node id="234" en:Value="en:A2 flat" en:Type="en:Note"/>
  <node id="235" en:Type="en:Island" data-StaffConnects="true">
    <edge to="236" en:Type="en:Token"/>
    <edge to="240" en:Type="en:Partwise"/>
  </node>
  <node id="236" en:Kind="en:Chord" en:Type="en:Token" en:NoteValue="1/16">
    <edge to="237" en:Type="en:Note"/>
    <edge to="238" en:Type="en:Note"/>
    <edge to="239" en:Type="en:Note"/>
  </node>
  <node id="237" en:Value="en:C3 flat" en:Type="en:Note"/>
  <node id="238" en:Value="en:E3 flat" en:Type="en:Note"/>
  <node id="239" en:Value="en:A2 flat" en:Type="en:Note"/>
  <node id="240" en:Type="en:Island" data-StaffConnects="true">
    <edge to="241" en:Type="en:Token"/>
    <edge to="245" en:Type="en:Partwise"/>
  </node>
  <node id="241" en:Kind="en:Chord" en:Type="en:Token" en:NoteValue="1/16">
    <edge to="242" en:Type="en:Note"/>
    <edge to="243" en:Type="en:Note"/>
    <edge to="244" en:Type="en:Note"/>
    <edge to="246" en:Type="en:Beam"/>
  </node>
  <node id="242" en:Value="en:C3 flat" en:Type="en:Note"/>
  <node id="243" en:Value="en:E3 flat" en:Type="en:Note"/>
  <node id="244" en:Value="en:A2 flat" en:Type="en:Note"/>
  <node id="245" en:Type="en:Island" data-StaffConnects="true">
    <edge to="246" en:Type="en:Token"/>
    <edge to="250" en:Type="en:Partwise"/>
  </node>
  <node id="246" en:Kind="en:Chord" en:Type="en:Token" en:NoteValue="1/16">
    <edge to="247" en:Type="en:Note"/>
    <edge to="248" en:Type="en:Note"/>
    <edge to="249" en:Type="en:Note"/>
    <edge to="251" en:Type="en:Beam"/>
  </node>
  <node id="247" en:Value="en:C3 flat" en:Type="en:Note"/>
  <node id="248" en:Value="en:E3 flat" en:Type="en:Note"/>
  <node id="249" en:Value="en:A2 flat" en:Type="en:Note"/>
  <node id="250" en:Type="en:Island" data-StaffConnects="true">
    <edge to="251" en:Type="en:Token"/>
    <edge to="255" en:Type="en:Partwise"/>
  </node>
  <node id="251" en:Kind="en:Chord" en:Type="en:Token" en:NoteValue="1/16">
    <edge to="252" en:Type="en:Note"/>
    <edge to="253" en:Type="en:Note"/>
    <edge to="254" en:Type="en:Note"/>
  </node>
  <node id="252" en:Value="en:C3 flat" en:Type="en:Note"/>
  <node id="253" en:Value="en:E3 flat" en:Type="en:Note"/>
  <node id="254" en:Value="en:A2 flat" en:Type="en:Note"/>
  <node id="255" en:Type="en:Island" data-StaffConnects="true">
    <edge to="256" en:Type="en:Token"/>
    <edge to="257" en:Type="en:Partwise"/>
  </node>
  <node id="256" en:Kind="en:Barline" en:Value="en:Standard Barline" en:Type="en:Token"/>
  <node id="257" en:Type="en:Island" data-StaffConnects="true">
    <edge to="258" en:Type="en:Token"/>
    <edge to="262" en:Type="en:Partwise"/>
  </node>
  <node id="258" en:Kind="en:Chord" en:Type="en:Token" en:NoteValue="1/16">
    <edge to="259" en:Type="en:Note"/>
    <edge to="260" en:Type="en:Note"/>
    <edge to="261" en:Type="en:Note"/>
    <edge to="263" en:Type="en:Beam"/>
  </node>
  <node id="259" en:Value="en:C3 flat" en:Type="en:Note"/>
  <node id="260" en:Value="en:E3 flat" en:Type="en:Note"/>
  <node id="261" en:Value="en:A2 flat" en:Type="en:Note"/>
  <node id="262" en:Type="en:Island" data-StaffConnects="true">
    <edge to="263" en:Type="en:Token"/>
    <edge to="267" en:Type="en:Partwise"/>
  </node>
  <node id="263" en:Kind="en:Chord" en:Type="en:Token" en:NoteValue="1/16">
    <edge to="264" en:Type="en:Note"/>
    <edge to="265" en:Type="en:Note"/>
    <edge to="266" en:Type="en:Note"/>
    <edge to="268" en:Type="en:Beam"/>
  </node>
  <node id="264" en:Value="en:C3 flat" en:Type="en:Note"/>
  <node id="265" en:Value="en:E3 flat" en:Type="en:Note"/>
  <node id="266" en:Value="en:A2 flat" en:Type="en:Note"/>
  <node id="267" en:Type="en:Island" data-StaffConnects="true">
    <edge to="268" en:Type="en:Token"/>
    <edge to="272" en:Type="en:Partwise"/>
  </node>
  <node id="268" en:Kind="en:Chord" en:Type="en:Token" en:NoteValue="1/16">
    <edge to="269" en:Type="en:Note"/>
    <edge to="270" en:Type="en:Note"/>
    <edge to="271" en:Type="en:Note"/>
  </node>
  <node id="269" en:Value="en:C3 flat" en:Type="en:Note"/>
  <node id="270" en:Value="en:E3 flat" en:Type="en:Note"/>
  <node id="271" en:Value="en:A2 flat" en:Type="en:Note"/>
  <node id="272" en:Type="en:Island" data-StaffConnects="true">
    <edge to="273" en:Type="en:Token"/>
    <edge to="277" en:Type="en:Partwise"/>
  </node>
  <node id="273" en:Kind="en:Chord" en:Type="en:Token" en:NoteValue="1/16">
    <edge to="274" en:Type="en:Note"/>
    <edge to="275" en:Type="en:Note"/>
    <edge to="276" en:Type="en:Note"/>
    <edge to="278" en:Type="en:Beam"/>
  </node>
  <node id="274" en:Value="en:C3 flat" en:Type="en:Note"/>
  <node id="275" en:Value="en:E3 flat" en:Type="en:Note"/>
  <node id="276" en:Value="en:A2 flat" en:Type="en:Note"/>
  <node id="277" en:Type="en:Island" data-StaffConnects="true">
    <edge to="278" en:Type="en:Token"/>
    <edge to="282" en:Type="en:Partwise"/>
  </node>
  <node id="278" en:Kind="en:Chord" en:Type="en:Token" en:NoteValue="1/16">
    <edge to="279" en:Type="en:Note"/>
    <edge to="280" en:Type="en:Note"/>
    <edge to="281" en:Type="en:Note"/>
    <edge to="283" en:Type="en:Beam"/>
  </node>
  <node id="279" en:Value="en:C3 flat" en:Type="en:Note"/>
  <node id="280" en:Value="en:E3 flat" en:Type="en:Note"/>
  <node id="281" en:Value="en:A2 flat" en:Type="en:Note"/>
  <node id="282" en:Type="en:Island" data-StaffConnects="true">
    <edge to="283" en:Type="en:Token"/>
    <edge to="287" en:Type="en:Partwise"/>
  </node>
  <node id="283" en:Kind="en:Chord" en:Type="en:Token" en:NoteValue="1/16">
    <edge to="284" en:Type="en:Note"/>
    <edge to="285" en:Type="en:Note"/>
    <edge to="286" en:Type="en:Note"/>
  </node>
  <node id="284" en:Value="en:C3 flat" en:Type="en:Note"/>
  <node id="285" en:Value="en:E3 flat" en:Type="en:Note"/>
  <node id="286" en:Value="en:A2 flat" en:Type="en:Note"/>
  <node id="287" en:Type="en:Island" data-StaffConnects="true">
    <edge to="288" en:Type="en:Token"/>
    <edge to="292" en:Type="en:Partwise"/>
  </node>
  <node id="288" en:Kind="en:Chord" en:Type="en:Token" en:NoteValue="1/16">
    <edge to="289" en:Type="en:Note"/>
    <edge to="290" en:Type="en:Note"/>
    <edge to="291" en:Type="en:Note"/>
    <edge to="293" en:Type="en:Beam"/>
  </node>
  <node id="289" en:Value="en:C3 flat" en:Type="en:Note"/>
  <node id="290" en:Value="en:E3 flat" en:Type="en:Note"/>
  <node id="291" en:Value="en:A2 flat" en:Type="en:Note"/>
  <node id="292" en:Type="en:Island" data-StaffConnects="true">
    <edge to="293" en:Type="en:Token"/>
    <edge to="2" en:Type="en:Partwise"/>
  </node>
  <node id="293" en:Kind="en:Chord" en:Type="en:Token" en:NoteValue="1/16">
    <edge to="294" en:Type="en:Note"/>
    <edge to="0" en:Type="en:Note"/>
    <edge to="1" en:Type="en:Note"/>
    <edge to="3" en:Type="en:Beam"/>
  </node>
  <node id="294" en:Value="en:C3 flat" en:Type="en:Note"/>
</graph>
