<graph>
  <node id="0" root="root" en:Type="en:Island" data-StaffConnects="true" data-StaffLines="5" data-StaffOffset="0.0" data-StaffScale="1.0">
    <edge to="117" en:StaffBracket="en:Brace"/>
    <edge to="1" en:Type="en:Token"/>
    <edge to="2" en:Type="en:Partwise"/>
    <edge to="117" en:Type="en:Instant-wise"/>
  </node>
  <node id="1" en:Kind="en:Barline" en:Value="en:Standard Barline" en:Type="en:Token"/>
  <node id="2" en:Type="en:Island" data-StaffConnects="true">
    <edge to="3" en:Type="en:Token"/>
    <edge to="4" en:Type="en:Partwise"/>
    <edge to="119" en:Type="en:Instant-wise"/>
  </node>
  <node id="3" en:Kind="en:Clef" en:Value="en:Treble Clef" en:Type="en:Token"/>
  <node id="4" en:Type="en:Island" data-StaffConnects="true">
    <edge to="5" en:Type="en:Token"/>
    <edge to="6" en:Type="en:Partwise"/>
    <edge to="121" en:Type="en:Instant-wise"/>
  </node>
  <node id="5" en:Kind="en:Key Signature" en:Value="en:Five Flats" en:Type="en:Token"/>
  <node id="6" en:Type="en:Island" data-StaffConnects="true">
    <edge to="7" en:Type="en:Token"/>
    <edge to="9" en:Type="en:Partwise"/>
    <edge to="6t" en:Type="en:Float" en:Placement="en:Above"/>
  </node>
  <node id="6t" en:Kind="en:Expression" en:Type="en:Float" en:Placement="en:Above" data-Text="adagio" data-Style="Bold"/>
  <node id="7" en:Kind="en:Chord" en:Type="en:Token" en:NoteValue="1/32">
    <edge to="8" en:Type="en:Note"/>
  </node>
  <node id="8" en:Value="en:A4" en:Type="en:Note"/>
  <node id="9" en:Type="en:Island" data-StaffConnects="true">
    <edge to="10" en:Type="en:Token"/>
    <edge to="10f" en:Type="en:Float" en:Placement="en:Below"/>
    <edge to="12" en:Type="en:Partwise"/>
    <edge to="123" en:Type="en:Instant-wise"/>
  </node>
  <node id="10f" en:Kind="en:Expression" en:Type="en:Float" en:Placement="en:Below" data-Text="p"/>
  <node id="10" en:Kind="en:Chord" en:Type="en:Token" en:NoteValue="3/16">
    <edge to="11" en:Type="en:Note"/>
  </node>
  <node id="11" en:Value="en:A5" en:Type="en:Note"/>
  <node id="12" en:Type="en:Island" data-StaffConnects="true">
    <edge to="13" en:Type="en:Token"/>
    <edge to="13f" en:Type="en:Float" en:Placement="en:Below"/>
    <edge to="15" en:Type="en:Partwise"/>
  </node>
  <node id="13f" en:Kind="en:Expression" en:Type="en:Float" en:Placement="en:Below" data-Text="cresc."/>
  <node id="13" en:Kind="en:Chord" en:Type="en:Token" en:NoteValue="1/16">
    <edge to="14" en:Type="en:Note"/>
    <edge to="16" en:Type="en:Beam"/>
    <edge to="16" en:Type="en:Slur"/>
  </node>
  <node id="14" en:Value="en:A5" en:Type="en:Note"/>
  <node id="15" en:Type="en:Island" data-StaffConnects="true">
    <edge to="16" en:Type="en:Token"/>
    <edge to="18" en:Type="en:Partwise"/>
  </node>
  <node id="16" en:Kind="en:Chord" en:Type="en:Token" en:NoteValue="1/16">
    <edge to="17" en:Type="en:Note"/>
  </node>
  <node id="17" en:Value="en:A5" en:Type="en:Note"/>
  <node id="18" en:Type="en:Island" data-StaffConnects="true">
    <edge to="19" en:Type="en:Token"/>
    <edge to="21" en:Type="en:Partwise"/>
  </node>
  <node id="19" en:Kind="en:Chord" en:Type="en:Token" en:NoteValue="1/16">
    <edge to="20" en:Type="en:Note"/>
    <edge to="22" en:Type="en:Beam"/>
    <edge to="22" en:Type="en:Slur"/>
  </node>
  <node id="20" en:Value="en:A5" en:Type="en:Note"/>
  <node id="21" en:Type="en:Island" data-StaffConnects="true">
    <edge to="22" en:Type="en:Token"/>
    <edge to="24" en:Type="en:Partwise"/>
  </node>
  <node id="22" en:Kind="en:Chord" en:Type="en:Token" en:NoteValue="1/16">
    <edge to="23" en:Type="en:Note"/>
  </node>
  <node id="23" en:Value="en:A5" en:Type="en:Note"/>
  <node id="24" en:Type="en:Island" data-StaffConnects="true">
    <edge to="25" en:Type="en:Token"/>
    <edge to="27" en:Type="en:Partwise"/>
  </node>
  <node id="25" en:Kind="en:Chord" en:Type="en:Token" en:NoteValue="3/32">
    <edge to="26" en:Type="en:Note"/>
  </node>
  <node id="26" en:Value="en:A5" en:Type="en:Note"/>
  <node id="27" en:Type="en:Island" data-StaffConnects="true">
    <edge to="28" en:Type="en:Token"/>
    <edge to="30" en:Type="en:Partwise"/>
  </node>
  <node id="28" en:Kind="en:Chord" en:Type="en:Token" en:NoteValue="1/32">
    <edge to="29" en:Type="en:Note"/>
    <edge to="31" en:Type="en:Slur"/>
  </node>
  <node id="29" en:Value="en:A5" en:Type="en:Note"/>
  <node id="30" en:Type="en:Island" data-StaffConnects="true">
    <edge to="31" en:Type="en:Token"/>
    <edge to="33" en:Type="en:Partwise"/>
  </node>
  <node id="31" en:Kind="en:Chord" en:Type="en:Token" en:NoteValue="1/32">
    <edge to="32" en:Type="en:Note"/>
    <edge to="34" en:Type="en:Beam"/>
    <edge to="34" en:Type="en:Slur"/>
  </node>
  <node id="32" en:Value="en:A5" en:Type="en:Note"/>
  <node id="33" en:Type="en:Island" data-StaffConnects="true">
    <edge to="34" en:Type="en:Token"/>
    <edge to="36" en:Type="en:Partwise"/>
  </node>
  <node id="34" en:Kind="en:Chord" en:Type="en:Token" en:NoteValue="1/32">
    <edge to="35" en:Type="en:Note"/>
  </node>
  <node id="35" en:Value="en:A5" en:Type="en:Note"/>
  <node id="36" en:Type="en:Island" data-StaffConnects="true">
    <edge to="37" en:Type="en:Token"/>
    <edge to="39" en:Type="en:Partwise"/>
  </node>
  <node id="37" en:Kind="en:Chord" en:Type="en:Token" en:NoteValue="1/32">
    <edge to="38" en:Type="en:Note"/>
    <edge to="40" en:Type="en:Beam"/>
    <edge to="40" en:Type="en:Slur"/>
  </node>
  <node id="38" en:Value="en:A5" en:Type="en:Note"/>
  <node id="39" en:Type="en:Island" data-StaffConnects="true">
    <edge to="40" en:Type="en:Token"/>
    <edge to="42" en:Type="en:Partwise"/>
  </node>
  <node id="40" en:Kind="en:Chord" en:Type="en:Token" en:NoteValue="1/32">
    <edge to="41" en:Type="en:Note"/>
  </node>
  <node id="41" en:Value="en:A5" en:Type="en:Note"/>
  <node id="42" en:Type="en:Island" data-StaffConnects="true">
    <edge to="43" en:Type="en:Token"/>
    <edge to="45" en:Type="en:Partwise"/>
  </node>
  <node id="43" en:Kind="en:Chord" en:Type="en:Token" en:NoteValue="1/32">
    <edge to="44" en:Type="en:Note"/>
    <edge to="46" en:Type="en:Beam"/>
    <edge to="46" en:Type="en:Slur"/>
  </node>
  <node id="44" en:Value="en:A5" en:Type="en:Note"/>
  <node id="45" en:Type="en:Island" data-StaffConnects="true">
    <edge to="46" en:Type="en:Token"/>
    <edge to="48" en:Type="en:Partwise"/>
  </node>
  <node id="46" en:Kind="en:Chord" en:Type="en:Token" en:NoteValue="1/32">
    <edge to="47" en:Type="en:Note"/>
  </node>
  <node id="47" en:Value="en:A5" en:Type="en:Note"/>
  <node id="48" en:Type="en:Island" data-StaffConnects="true">
    <edge to="49" en:Type="en:Token"/>
    <edge to="49f" en:Type="en:Float" en:Placement="en:Below"/>
    <edge to="51" en:Type="en:Partwise"/>
  </node>
  <node id="49f" en:Kind="en:Expression" en:Type="en:Float" en:Placement="en:Below" data-Text="tutte le corde"/>
  <node id="49" en:Kind="en:Chord" en:Type="en:Token" en:NoteValue="1/32">
    <edge to="50" en:Type="en:Note"/>
    <edge to="52" en:Type="en:Beam"/>
    <edge to="52" en:Type="en:Slur"/>
  </node>
  <node id="50" en:Value="en:A5" en:Type="en:Note"/>
  <node id="51" en:Type="en:Island" data-StaffConnects="true">
    <edge to="52" en:Type="en:Token"/>
    <edge to="54" en:Type="en:Partwise"/>
  </node>
  <node id="52" en:Kind="en:Chord" en:Type="en:Token" en:NoteValue="1/32">
    <edge to="53" en:Type="en:Note"/>
  </node>
  <node id="53" en:Value="en:A5" en:Type="en:Note"/>
  <node id="54" en:Type="en:Island" data-StaffConnects="true">
    <edge to="55" en:Type="en:Token"/>
    <edge to="57" en:Type="en:Partwise"/>
  </node>
  <node id="55" en:Kind="en:Chord" en:Type="en:Token" en:NoteValue="1/32">
    <edge to="56" en:Type="en:Note"/>
    <edge to="58" en:Type="en:Beam"/>
    <edge to="58" en:Type="en:Slur"/>
  </node>
  <node id="56" en:Value="en:A5" en:Type="en:Note"/>
  <node id="57" en:Type="en:Island" data-StaffConnects="true">
    <edge to="58" en:Type="en:Token"/>
    <edge to="60" en:Type="en:Partwise"/>
  </node>
  <node id="58" en:Kind="en:Chord" en:Type="en:Token" en:NoteValue="1/32">
    <edge to="59" en:Type="en:Note"/>
  </node>
  <node id="59" en:Value="en:A5" en:Type="en:Note"/>
  <node id="60" en:Type="en:Island" data-StaffConnects="true">
    <edge to="61" en:Type="en:Token"/>
    <edge to="62" en:Type="en:Partwise"/>
    <edge to="129" en:Type="en:Instant-wise"/>
  </node>
  <node id="61" en:Kind="en:Key Signature" en:Value="en:Five Flats" en:Accidental="en:Natural" en:Type="en:Token"/>
  <node id="62" en:Type="en:Island" data-StaffConnects="true">
    <edge to="63" en:Type="en:Token"/>
    <edge to="64" en:Type="en:Partwise"/>
    <edge to="131" en:Type="en:Instant-wise"/>
  </node>
  <node id="63" en:Kind="en:Key Signature" en:Value="en:Four Sharps" en:Type="en:Token"/>
  <node id="64" en:Type="en:Island" data-StaffConnects="true">
    <edge to="65" en:Type="en:Token"/>
    <edge to="65t" en:Type="en:Float" en:Placement="en:Above"/>
    <edge to="65f" en:Type="en:Float" en:Placement="en:Below"/>
    <edge to="67" en:Type="en:Partwise"/>
  </node>
  <node id="65" en:Kind="en:Chord" en:Type="en:Token" en:NoteValue="1/32">
    <edge to="66" en:Type="en:Note"/>
    <edge to="68" en:Type="en:Beam"/>
    <edge to="68" en:Type="en:Slur"/>
  </node>
  <node id="65t" en:Kind="en:Expression" en:Type="en:Float" en:Placement="en:Above" data-Text="ritar     â€”     dando"/>
  <node id="65f" en:Kind="en:Expression" en:Type="en:Float" en:Placement="en:Below" data-Text="dim."/>
  <node id="66" en:Value="en:A5" en:Type="en:Note"/>
  <node id="67" en:Type="en:Island" data-StaffConnects="true">
    <edge to="68" en:Type="en:Token"/>
    <edge to="70" en:Type="en:Partwise"/>
  </node>
  <node id="68" en:Kind="en:Chord" en:Type="en:Token" en:NoteValue="1/32">
    <edge to="69" en:Type="en:Note"/>
  </node>
  <node id="69" en:Value="en:A5" en:Type="en:Note"/>
  <node id="70" en:Type="en:Island" data-StaffConnects="true">
    <edge to="71" en:Type="en:Token"/>
    <edge to="73" en:Type="en:Partwise"/>
    <edge to="133" en:Type="en:Instant-wise"/>
  </node>
  <node id="71" en:Kind="en:Chord" en:Type="en:Token" en:NoteValue="1/32">
    <edge to="72" en:Type="en:Note"/>
    <edge to="74" en:Type="en:Beam"/>
    <edge to="74" en:Type="en:Slur"/>
  </node>
  <node id="72" en:Value="en:A5" en:Type="en:Note"/>
  <node id="73" en:Type="en:Island" data-StaffConnects="true">
    <edge to="74" en:Type="en:Token"/>
    <edge to="76" en:Type="en:Partwise"/>
  </node>
  <node id="74" en:Kind="en:Chord" en:Type="en:Token" en:NoteValue="1/32">
    <edge to="75" en:Type="en:Note"/>
  </node>
  <node id="75" en:Value="en:A5" en:Type="en:Note"/>
  <node id="76" en:Type="en:Island" data-StaffConnects="true">
    <edge to="77" en:Type="en:Token"/>
    <edge to="79" en:Type="en:Partwise"/>
  </node>
  <node id="77" en:Kind="en:Chord" en:Type="en:Token" en:NoteValue="1/32">
    <edge to="78" en:Type="en:Note"/>
    <edge to="80" en:Type="en:Beam"/>
    <edge to="80" en:Type="en:Slur"/>
  </node>
  <node id="78" en:Value="en:A5" en:Type="en:Note"/>
  <node id="79" en:Type="en:Island" data-StaffConnects="true">
    <edge to="80" en:Type="en:Token"/>
    <edge to="82" en:Type="en:Partwise"/>
  </node>
  <node id="80" en:Kind="en:Chord" en:Type="en:Token" en:NoteValue="1/32">
    <edge to="81" en:Type="en:Note"/>
  </node>
  <node id="81" en:Value="en:A5" en:Type="en:Note"/>
  <node id="82" en:Type="en:Island" data-StaffConnects="true">
    <edge to="83" en:Type="en:Token"/>
    <edge to="85" en:Type="en:Partwise"/>
  </node>
  <node id="83" en:Kind="en:Chord" en:Type="en:Token" en:NoteValue="1/32">
    <edge to="84" en:Type="en:Note"/>
    <edge to="86" en:Type="en:Beam"/>
    <edge to="86" en:Type="en:Slur"/>
  </node>
  <node id="84" en:Value="en:A5" en:Type="en:Note"/>
  <node id="85" en:Type="en:Island" data-StaffConnects="true">
    <edge to="86" en:Type="en:Token"/>
    <edge to="88" en:Type="en:Partwise"/>
  </node>
  <node id="86" en:Kind="en:Chord" en:Type="en:Token" en:NoteValue="1/32">
    <edge to="87" en:Type="en:Note"/>
  </node>
  <node id="87" en:Value="en:A5" en:Type="en:Note"/>
  <node id="88" en:Type="en:Island" data-StaffConnects="true">
    <edge to="89" en:Type="en:Token"/>
    <edge to="91" en:Type="en:Partwise"/>
  </node>
  <node id="89" en:Kind="en:Chord" en:Type="en:Token" en:NoteValue="1/32">
    <edge to="90" en:Type="en:Note"/>
    <edge to="92" en:Type="en:Beam"/>
    <edge to="92" en:Type="en:Slur"/>
  </node>
  <node id="90" en:Value="en:A5" en:Type="en:Note"/>
  <node id="91" en:Type="en:Island" data-StaffConnects="true">
    <edge to="92" en:Type="en:Token"/>
    <edge to="94" en:Type="en:Partwise"/>
  </node>
  <node id="92" en:Kind="en:Chord" en:Type="en:Token" en:NoteValue="1/32">
    <edge to="93" en:Type="en:Note"/>
    <edge to="95" en:Type="en:Slur"/>
  </node>
  <node id="93" en:Value="en:A5" en:Type="en:Note"/>
  <node id="94" en:Type="en:Island" data-StaffConnects="true">
    <edge to="95f" en:Type="en:Float" en:Placement="en:Below"/>
    <edge to="95" en:Type="en:Token"/>
    <edge to="97" en:Type="en:Partwise"/>
  </node>
  <node id="95f" en:Kind="en:Expression" en:Type="en:Float" en:Placement="en:Below" data-Text="una corda"/>
  <node id="95" en:Kind="en:Chord" en:Type="en:Token" en:NoteValue="1/8">
    <edge to="96" en:Type="en:Note"/>
    <edge to="98" en:Type="en:Beam"/>
  </node>
  <node id="96" en:Value="en:A5" en:Type="en:Note"/>
  <node id="97" en:Type="en:Island" data-StaffConnects="true">
    <edge to="98f" en:Type="en:Float" en:Placement="en:Above"/>
    <edge to="98" en:Type="en:Token"/>
    <edge to="100" en:Type="en:Partwise"/>
  </node>
  <node id="98f" en:Kind="en:Expression" en:Type="en:Float" en:Placement="en:Above" data-Text="cantabile"/>
  <node id="98" en:Kind="en:Chord" en:Type="en:Token" en:NoteValue="1/8">
    <edge to="99" en:Type="en:Note"/>
    <edge to="101" en:Type="en:Beam"/>
  </node>
  <node id="99" en:Value="en:F5 sharp" en:Type="en:Note"/>
  <node id="100" en:Type="en:Island" data-StaffConnects="true">
    <edge to="101" en:Type="en:Token"/>
    <edge to="103" en:Type="en:Partwise"/>
  </node>
  <node id="101" en:Kind="en:Chord" en:Type="en:Token" en:NoteValue="1/8">
    <edge to="102" en:Type="en:Note"/>
    <edge to="104" en:Type="en:Beam"/>
  </node>
  <node id="102" en:Value="en:D5 sharp" en:Type="en:Note"/>
  <node id="103" en:Type="en:Island" data-StaffConnects="true">
    <edge to="104" en:Type="en:Token"/>
    <edge to="106" en:Type="en:Partwise"/>
  </node>
  <node id="104" en:Kind="en:Chord" en:Type="en:Token" en:NoteValue="1/8">
    <edge to="105" en:Type="en:Note"/>
  </node>
  <node id="105" en:Value="en:A4" en:Type="en:Note"/>
  <node id="106" en:Type="en:Island" data-StaffConnects="true">
    <edge to="107" en:Type="en:Token"/>
    <edge to="109" en:Type="en:Partwise"/>
  </node>
  <node id="107" en:Kind="en:Chord" en:Type="en:Token" en:NoteValue="1/8"
    en:StemDirection="en:Up">
    <edge to="108" en:Type="en:Note"/>
    <edge to="110" en:Type="en:Beam"/>
    <edge to="110" en:Type="en:Slur"/>
  </node>
  <node id="108" en:Value="en:C5 sharp" en:Type="en:Note"/>
  <node id="109" en:Type="en:Island" data-StaffConnects="true">
    <edge to="110" en:Type="en:Token"/>
    <edge to="112" en:Type="en:Partwise"/>
  </node>
  <node id="110" en:Kind="en:Chord" en:Type="en:Token" en:NoteValue="1/8">
    <edge to="111" en:Type="en:Note"/>
    <edge to="113" en:Type="en:Beam"/>
  </node>
  <node id="111" en:Value="en:B4" en:Type="en:Note"/>
  <node id="112" en:Type="en:Island" data-StaffConnects="true">
    <edge to="113" en:Type="en:Token"/>
    <edge to="115" en:Type="en:Partwise"/>
  </node>
  <node id="113" en:Kind="en:Chord" en:Type="en:Token" en:NoteValue="1/8">
    <edge to="114" en:Type="en:Note"/>
  </node>
  <node id="114" en:Value="en:A4" en:Type="en:Note"/>
  <node id="115" en:Type="en:Island" data-StaffConnects="true">
    <edge to="116" en:Type="en:Token"/>
    <edge to="139" en:Type="en:Instant-wise"/>
  </node>
  <node id="116" en:Kind="en:Barline" en:Value="en:Standard Barline" en:Type="en:Token"/>
  <node id="117" en:Type="en:Island" data-StaffConnects="true" data-StaffLines="5" data-StaffOffset="-12.0" data-StaffScale="1.0">
    <edge to="118" en:Type="en:Token"/>
    <edge to="119" en:Type="en:Partwise"/>
  </node>
  <node id="118" en:Kind="en:Barline" en:Value="en:Standard Barline" en:Type="en:Token" data-Brace="Brace"/>
  <node id="119" en:Type="en:Island" data-StaffConnects="true">
    <edge to="120" en:Type="en:Token"/>
    <edge to="121" en:Type="en:Partwise"/>
  </node>
  <node id="120" en:Kind="en:Clef" en:Value="en:Bass Clef" en:Type="en:Token"/>
  <node id="121" en:Type="en:Island" data-StaffConnects="true">
    <edge to="122" en:Type="en:Token"/>
    <edge to="123" en:Type="en:Partwise"/>
  </node>
  <node id="122" en:Kind="en:Key Signature" en:Value="en:Five Flats" en:Type="en:Token"/>
  <node id="123" en:Type="en:Island" data-StaffConnects="true">
    <edge to="124" en:Type="en:Token"/>
    <edge to="129" en:Type="en:Partwise"/>
    <edge to="124f" en:Type="en:Float" en:Placement="en:Below"/>
  </node>
  <node id="124f" en:Kind="en:Expression" en:Type="en:Float" en:Placement="en:Below" data-Text="sempre tenuto">
    <edge to="124p" en:Type="en:Float" en:Placement="en:Below"/>
  </node>
  <node id="124p" en:Kind="en:Pedal Marking" en:PedalMarking="en:Damper Pedal" en:Type="en:Float" en:Placement="en:Below">
    <edge to="140p" en:Kind="en:Pedal Marking" en:Type="en:Span"/>
  </node>
  <node id="124" en:Kind="en:Chord" en:Type="en:Token" en:NoteValue="1">
    <edge to="125" en:Type="en:Note"/>
    <edge to="126" en:Type="en:Note"/>
    <edge to="127" en:Type="en:Note"/>
    <edge to="128" en:Type="en:Note"/>
  </node>
  <node id="125" en:Value="en:B2" en:Type="en:Note"/>
  <node id="126" en:Value="en:D3 sharp" en:Type="en:Note"/>
  <node id="127" en:Value="en:F3 sharp" en:Type="en:Note"/>
  <node id="128" en:Value="en:A3" en:Type="en:Note"/>
  <node id="129" en:Type="en:Island" data-StaffConnects="true">
    <edge to="130" en:Type="en:Token"/>
    <edge to="131" en:Type="en:Partwise"/>
  </node>
  <node id="130" en:Kind="en:Key Signature" en:Value="en:Five Flats" en:Accidental="en:Natural" en:Type="en:Token"/>
  <node id="131" en:Type="en:Island" data-StaffConnects="true">
    <edge to="132" en:Type="en:Token"/>
    <edge to="133" en:Type="en:Partwise"/>
  </node>
  <node id="132" en:Kind="en:Key Signature" en:Value="en:Four Sharps" en:Type="en:Token"/>
  <node id="133" en:Type="en:Island" data-StaffConnects="true">
    <edge to="134" en:Type="en:Token"/>
    <edge to="139" en:Type="en:Partwise"/>
  </node>
  <node id="134" en:Kind="en:Chord" en:Type="en:Token" en:NoteValue="1">
    <edge to="135" en:Type="en:Note"/>
    <edge to="136" en:Type="en:Note"/>
    <edge to="137" en:Type="en:Note"/>
    <edge to="138" en:Type="en:Note"/>
  </node>
  <node id="135" en:Value="en:B2" en:Type="en:Note"/>
  <node id="136" en:Value="en:D3 sharp" en:Type="en:Note"/>
  <node id="137" en:Value="en:F3 sharp" en:Type="en:Note"/>
  <node id="138" en:Value="en:B3" en:Type="en:Note"/>
  <node id="139" en:Type="en:Island" data-StaffConnects="true">
    <edge to="140" en:Type="en:Token"/>
    <edge to="140p" en:Type="en:Float" en:Placement="en:Below"/>
  </node>
  <node id="140p" en:Kind="en:Pedal Marking" en:PedalMarking="en:Damper Pedal Release" en:Type="en:Float" en:Placement="en:Below"/>
  <node id="140" en:Kind="en:Barline" en:Value="en:Standard Barline" en:Type="en:Token"/>
</graph>
