<graph>
  <node id="0" root="root" en:Type="en:Island" data-StaffConnects="true" data-StaffLines="5" data-StaffOffset="0.0" data-StaffScale="1.0">
    <edge to="88" en:StaffBracket="en:Brace"/>
    <edge to="1" en:Type="en:Token"/>
    <edge to="2" en:Type="en:Partwise"/>
    <edge to="88" en:Type="en:Instant-wise"/>
  </node>
  <node id="1" en:Kind="en:Barline" en:Value="en:Standard Barline" en:Type="en:Token"/>
  <node id="2" en:Type="en:Island" data-StaffConnects="true">
    <edge to="3" en:Type="en:Token"/>
    <edge to="4" en:Type="en:Partwise"/>
    <edge to="90" en:Type="en:Instant-wise"/>
  </node>
  <node id="3" en:Kind="en:Clef" en:Value="en:Treble Clef" en:Type="en:Token"/>
  <node id="4" en:Type="en:Island" data-StaffConnects="true">
    <edge to="5" en:Type="en:Token"/>
    <edge to="6" en:Type="en:Partwise"/>
    <edge to="92" en:Type="en:Instant-wise"/>
  </node>
  <node id="5" en:Kind="en:Key Signature" en:Value="en:Five Flats" en:Type="en:Token"/>
  <node id="6" en:Type="en:Island" data-StaffConnects="true">
    <edge to="7" en:Type="en:Token"/>
    <edge to="7t" en:Type="en:Float" en:Placement="en:Above"/>
    <edge to="8" en:Type="en:Partwise"/>
    <edge to="94" en:Type="en:Instant-wise"/>
  </node>
  <node id="7" en:Kind="en:Time Signature" en:Value="en:Common Time" en:Type="en:Token"/>
  <node id="8" en:Type="en:Island" data-StaffConnects="true">
    <edge to="9" en:Type="en:Token"/>
    <edge to="12" en:Type="en:Partwise"/>
    <edge to="96" en:Type="en:Instant-wise"/>
    <edge to="8f" en:Type="en:Float" en:Placement="en:Below"/>
  </node>
  <node id="7t" en:Kind="en:Expression" en:Type="en:Float" en:Placement="en:Above" data-Text="Adagio." data-Style="Bold" data-Size="14"/>
  <node id="8f" en:Kind="en:Expression" en:Type="en:Float" en:Placement="en:Below" data-Text="una corda"/>
  <node id="9" en:Kind="en:Chord" en:Type="en:Token" en:NoteValue="7/32">
    <edge to="10" en:Type="en:Note"/>
    <edge to="11" en:Type="en:Note"/>
    <edge to="13" en:Type="en:Beam"/>
  </node>
  <node id="10" en:Value="en:D5 flat" en:Type="en:Note"/>
  <node id="11" en:Value="en:F5" en:Type="en:Note"/>
  <node id="12" en:Type="en:Island" data-StaffConnects="true">
    <edge to="13" en:Type="en:Token"/>
    <edge to="16" en:Type="en:Partwise"/>
    <edge to="100" en:Type="en:Instant-wise"/>
  </node>
  <node id="13" en:Kind="en:Chord" en:Type="en:Token" en:NoteValue="1/32">
    <edge to="14" en:Type="en:Note"/>
    <edge to="15" en:Type="en:Note"/>
  </node>
  <node id="14" en:Value="en:D5 flat" en:Type="en:Note"/>
  <node id="15" en:Value="en:F5" en:Type="en:Note"/>
  <node id="16" en:Type="en:Island" data-StaffConnects="true">
    <edge to="17" en:Type="en:Token"/>
    <edge to="20" en:Type="en:Partwise"/>
    <edge to="104" en:Type="en:Instant-wise"/>
  </node>
  <node id="17" en:Kind="en:Chord" en:Type="en:Token" en:NoteValue="1/8" en:StemDirection="en:Up">
    <edge to="18" en:Type="en:Note"/>
    <edge to="19" en:Type="en:Note"/>
    <edge to="21" en:Type="en:Beam"/>
  </node>
  <node id="18" en:Value="en:E5 flat" en:Type="en:Note"/>
  <node id="19" en:Value="en:G5 flat" en:Type="en:Note"/>
  <node id="20" en:Type="en:Island" data-StaffConnects="true">
    <edge to="21" en:Type="en:Token"/>
    <edge to="26" en:Type="en:Partwise"/>
    <edge to="108" en:Type="en:Instant-wise"/>
  </node>
  <node id="21" en:Kind="en:Chord" en:Type="en:Token" en:NoteValue="1/8">
    <edge to="22" en:Type="en:Note"/>
    <edge to="23" en:Type="en:Note"/>
    <edge to="24" en:Type="en:Note"/>
    <edge to="25" en:Type="en:Note"/>
  </node>
  <node id="22" en:Value="en:C4" en:Type="en:Note"/>
  <node id="23" en:Value="en:E4 flat" en:Type="en:Note"/>
  <node id="24" en:Value="en:G4 flat" en:Type="en:Note"/>
  <node id="25" en:Value="en:A4" en:Type="en:Note"/>
  <node id="26" en:Type="en:Island" data-StaffConnects="true">
    <edge to="27" en:Type="en:Token"/>
    <edge to="31" en:Type="en:Partwise"/>
    <edge to="112" en:Type="en:Instant-wise"/>
  </node>
  <node id="27" en:Kind="en:Chord" en:Type="en:Token" en:NoteValue="1/8" en:StemDirection="en:Up">
    <edge to="28" en:Type="en:Note"/>
    <edge to="29" en:Type="en:Note"/>
    <edge to="30" en:Type="en:Note"/>
    <edge to="32" en:Type="en:Beam"/>
  </node>
  <node id="28" en:Value="en:D4 flat" en:Type="en:Note"/>
  <node id="29" en:Value="en:F4" en:Type="en:Note"/>
  <node id="30" en:Value="en:B4 flat" en:Type="en:Note"/>
  <node id="31" en:Type="en:Island" data-StaffConnects="true">
    <edge to="32" en:Type="en:Token"/>
    <edge to="35" en:Type="en:Partwise"/>
  </node>
  <node id="32" en:Kind="en:Chord" en:Type="en:Token" en:NoteValue="1/8">
    <edge to="33" en:Type="en:Note"/>
    <edge to="34" en:Type="en:Note"/>
    <edge to="39" en:Type="en:Slur"/>
  </node>
  <node id="33" en:Value="en:D5" en:Type="en:Note"/>
  <node id="34" en:Value="en:F5" en:Type="en:Note"/>
  <node id="35" en:Type="en:Island" data-StaffConnects="true">
    <edge to="36" en:Type="en:Token"/>
    <edge to="36b" en:Type="en:Token"/>
    <edge to="38" en:Type="en:Partwise"/>
  </node>
  <node id="36" en:Kind="en:Chord" en:Type="en:Token" en:NoteValue="1/8">
    <edge to="37" en:Type="en:Note"/>
    <edge to="39" en:Type="en:Beam"/>
  </node>
  <node id="36b" en:Kind="en:Chord" en:Type="en:Token" en:NoteValue="1/4">
    <edge to="37b" en:Type="en:Note"/>
  </node>
  <node id="37" en:Value="en:A5 flat" en:Type="en:Note" en:Accidental="en:Flat"/>
  <node id="37b" en:Value="en:E5 flat" en:Type="en:Note"/>
  <node id="38" en:Type="en:Island" data-StaffConnects="true">
    <edge to="39" en:Type="en:Token"/>
    <edge to="41" en:Type="en:Partwise"/>
  </node>
  <node id="39" en:Kind="en:Chord" en:Type="en:Token" en:NoteValue="1/8">
    <edge to="40" en:Type="en:Note"/>
  </node>
  <node id="40" en:Value="en:G5 flat" en:Type="en:Note"/>
  <node id="41" en:Type="en:Island" data-StaffConnects="true">
    <edge to="42" en:Type="en:Token"/>
    <edge to="43" en:Type="en:Partwise"/>
    <edge to="116" en:Type="en:Instant-wise"/>
  </node>
  <node id="42" en:Kind="en:Barline" en:Value="en:Standard Barline" en:Type="en:Token"/>
  <node id="43" en:Type="en:Island" data-StaffConnects="true">
    <edge to="44" en:Type="en:Token"/>
    <edge to="47" en:Type="en:Partwise"/>
    <edge to="118" en:Type="en:Instant-wise"/>
  </node>
  <node id="44" en:Kind="en:Chord" en:Type="en:Token" en:NoteValue="1/4">
    <edge to="45" en:Type="en:Note"/>
    <edge to="46" en:Type="en:Note"/>
  </node>
  <node id="45" en:Value="en:E5 flat" en:Type="en:Note"/>
  <node id="46" en:Value="en:G5 flat" en:Type="en:Note"/>
  <node id="47" en:Type="en:Island" data-StaffConnects="true">
    <edge to="48" en:Type="en:Token"/>
    <edge to="51" en:Type="en:Partwise"/>
    <edge to="122" en:Type="en:Instant-wise"/>
  </node>
  <node id="48" en:Kind="en:Chord" en:Type="en:Token" en:NoteValue="1/4">
    <edge to="49" en:Type="en:Note"/>
    <edge to="50" en:Type="en:Note"/>
  </node>
  <node id="49" en:Value="en:C5 flat" en:Type="en:Note"/>
  <node id="50" en:Value="en:A5 flat" en:Type="en:Note"/>
  <node id="51" en:Type="en:Island" data-StaffConnects="true">
    <edge to="52" en:Type="en:Token"/>
    <edge to="52b" en:Type="en:Token"/>
    <edge to="54" en:Type="en:Partwise"/>
    <edge to="126" en:Type="en:Instant-wise"/>
  </node>
  <node id="52" en:Kind="en:Chord" en:Type="en:Token" en:NoteValue="1/4">
    <edge to="53" en:Type="en:Note"/>
  </node>
  <node id="52b" en:Kind="en:Chord" en:Type="en:Token" en:NoteValue="1/4">
    <edge to="53b" en:Type="en:Note"/>
  </node>
  <node id="53" en:Value="en:D4 flat" en:Type="en:Note"/>
  <node id="53b" en:Value="en:C4 flat" en:Type="en:Note"/>
  <node id="54" en:Type="en:Island" data-StaffConnects="true">
    <edge to="55" en:Type="en:Token"/>
    <edge to="55b" en:Type="en:Token"/>
    <edge to="57" en:Type="en:Partwise"/>
  </node>
  <node id="55" en:Kind="en:Chord" en:Type="en:Token" en:NoteValue="1/4">
    <edge to="56" en:Type="en:Note"/>
  </node>
  <node id="55b" en:Kind="en:Chord" en:Type="en:Token" en:NoteValue="1/4">
    <edge to="56b" en:Type="en:Note"/>
    <edge to="56b2" en:Type="en:Note"/>
  </node>
  <node id="56" en:Value="en:F4 flat" en:Type="en:Note"/>
  <node id="56b" en:Value="en:B3 flat" en:Type="en:Note"/>
  <node id="56b2" en:Value="en:D4 flat" en:Type="en:Note"/>
  <node id="57" en:Type="en:Island" data-StaffConnects="true">
    <edge to="58" en:Type="en:Token"/>
    <edge to="59" en:Type="en:Partwise"/>
    <edge to="130" en:Type="en:Instant-wise"/>
  </node>
  <node id="58" en:Kind="en:Barline" en:Value="en:Standard Barline" en:Type="en:Token"/>
  <node id="59" en:Type="en:Island" data-StaffConnects="true">
    <edge to="60" en:Type="en:Token"/>
    <edge to="60b" en:Type="en:Token"/>
    <edge to="62" en:Type="en:Partwise"/>
    <edge to="132" en:Type="en:Instant-wise"/>
  </node>
  <node id="60" en:Kind="en:Chord" en:Type="en:Token" en:NoteValue="1/4">
    <edge to="61" en:Type="en:Note"/>
  </node>
  <node id="60b" en:Kind="en:Chord" en:Type="en:Token" en:NoteValue="1/8">
    <edge to="61b" en:Type="en:Note"/>
    <edge to="61b2" en:Type="en:Note"/>
    <edge to="63" en:Type="en:Beam"/>
  </node>
  <node id="61" en:Value="en:E4 flat" en:Type="en:Note"/>
  <node id="61b" en:Value="en:D4 flat" en:Type="en:Note"/>
  <node id="61b2" en:Value="en:B3 flat" en:Type="en:Note"/>
  <node id="62" en:Type="en:Island" data-StaffConnects="true">
    <edge to="63" en:Type="en:Token"/>
    <edge to="65" en:Type="en:Partwise"/>
    <edge to="136" en:Type="en:Instant-wise"/>
  </node>
  <node id="63" en:Kind="en:Chord" en:Type="en:Token" en:NoteValue="1/8">
    <edge to="64" en:Type="en:Note"/>
  </node>
  <node id="64" en:Value="en:C4 flat" en:Type="en:Note"/>
  <node id="65" en:Type="en:Island" data-StaffConnects="true">
    <edge to="66" en:Type="en:Token"/>
    <edge to="70" en:Type="en:Partwise"/>
    <edge to="140" en:Type="en:Instant-wise"/>
  </node>
  <node id="66" en:Kind="en:Chord" en:Type="en:Token" en:NoteValue="1/8">
    <edge to="67" en:Type="en:Note"/>
    <edge to="68" en:Type="en:Note"/>
    <edge to="69" en:Type="en:Note"/>
    <edge to="71" en:Type="en:Beam"/>
  </node>
  <node id="67" en:Value="en:A3 flat" en:Type="en:Note"/>
  <node id="68" en:Value="en:B3 flat" en:Type="en:Note"/>
  <node id="69" en:Value="en:F4 flat" en:Type="en:Note"/>
  <node id="70" en:Type="en:Island" data-StaffConnects="true">
    <edge to="71" en:Type="en:Token"/>
    <edge to="73" en:Type="en:Partwise"/>
  </node>
  <node id="71" en:Kind="en:Chord" en:Type="en:Token" en:NoteValue="1/8">
    <edge to="72" en:Type="en:Note"/>
  </node>
  <node id="72" en:Value="en:F5 flat" en:Type="en:Note"/>
  <node id="73" en:Type="en:Island" data-StaffConnects="true">
    <edge to="74" en:Type="en:Token"/>
    <edge to="75" en:Type="en:Partwise"/>
    <edge to="144" en:Type="en:Instant-wise"/>
  </node>
  <node id="74" en:Kind="en:Chord" en:Type="en:Token" en:NoteValue="1/8"/>
  <node id="75" en:Type="en:Island" data-StaffConnects="true">
    <edge to="76" en:Type="en:Token"/>
    <edge to="79" en:Type="en:Partwise"/>
  </node>
  <node id="76" en:Kind="en:Chord" en:Type="en:Token" en:NoteValue="1/8">
    <edge to="77" en:Type="en:Note"/>
    <edge to="78" en:Type="en:Note"/>
  </node>
  <node id="77" en:Value="en:A3 flat" en:Type="en:Note"/>
  <node id="78" en:Value="en:B3 flat" en:Type="en:Note"/>
  <node id="79" en:Type="en:Island" data-StaffConnects="true">
    <edge to="80" en:Type="en:Token"/>
    <edge to="81" en:Type="en:Partwise"/>
    <edge to="148" en:Type="en:Instant-wise"/>
  </node>
  <node id="80" en:Kind="en:Chord" en:Type="en:Token" en:NoteValue="1/8"/>
  <node id="81" en:Type="en:Island" data-StaffConnects="true">
    <edge to="82" en:Type="en:Token"/>
    <edge to="86" en:Type="en:Partwise"/>
  </node>
  <node id="82" en:Kind="en:Chord" en:Type="en:Token" en:NoteValue="1/8">
    <edge to="83" en:Type="en:Note"/>
    <edge to="84" en:Type="en:Note"/>
    <edge to="85" en:Type="en:Note"/>
  </node>
  <node id="83" en:Value="en:G3" en:Type="en:Note"/>
  <node id="84" en:Value="en:B3 flat" en:Type="en:Note"/>
  <node id="85" en:Value="en:E4 flat" en:Type="en:Note"/>
  <node id="86" en:Type="en:Island" data-StaffConnects="true">
    <edge to="87" en:Type="en:Token"/>
    <edge to="151" en:Type="en:Instant-wise"/>
  </node>
  <node id="87" en:Kind="en:Barline" en:Value="en:Standard Barline" en:Type="en:Token"/>
  <node id="88" en:Type="en:Island" data-StaffConnects="true" data-StaffLines="5" data-StaffOffset="-12.0" data-StaffScale="1.0">
    <edge to="89" en:Type="en:Token"/>
    <edge to="90" en:Type="en:Partwise"/>
  </node>
  <node id="89" en:Kind="en:Barline" en:Value="en:Standard Barline" en:Type="en:Token" data-Brace="Brace"/>
  <node id="90" en:Type="en:Island" data-StaffConnects="true">
    <edge to="91" en:Type="en:Token"/>
    <edge to="92" en:Type="en:Partwise"/>
  </node>
  <node id="91" en:Kind="en:Clef" en:Value="en:Bass Clef" en:Type="en:Token"/>
  <node id="92" en:Type="en:Island" data-StaffConnects="true">
    <edge to="93" en:Type="en:Token"/>
    <edge to="94" en:Type="en:Partwise"/>
  </node>
  <node id="93" en:Kind="en:Key Signature" en:Value="en:Five Flats" en:Type="en:Token"/>
  <node id="94" en:Type="en:Island" data-StaffConnects="true">
    <edge to="95" en:Type="en:Token"/>
    <edge to="96" en:Type="en:Partwise"/>
  </node>
  <node id="95" en:Kind="en:Time Signature" en:Value="en:Common Time" en:Type="en:Token" en:Beats="4" en:NoteValue="1/4"/>
  <node id="96" en:Type="en:Island" data-StaffConnects="true">
    <edge to="97" en:Type="en:Token"/>
    <edge to="100" en:Type="en:Partwise"/>
  </node>
  <node id="97" en:Kind="en:Chord" en:Type="en:Token" en:NoteValue="7/32">
    <edge to="98" en:Type="en:Note"/>
    <edge to="99" en:Type="en:Note"/>
    <edge to="101" en:Type="en:Beam"/>
  </node>
  <node id="98" en:Value="en:B1 flat" en:Type="en:Note"/>
  <node id="99" en:Value="en:B2 flat" en:Type="en:Note"/>
  <node id="100" en:Type="en:Island" data-StaffConnects="true">
    <edge to="101" en:Type="en:Token"/>
    <edge to="104" en:Type="en:Partwise"/>
  </node>
  <node id="101" en:Kind="en:Chord" en:Type="en:Token" en:NoteValue="1/32">
    <edge to="102" en:Type="en:Note"/>
    <edge to="103" en:Type="en:Note"/>
  </node>
  <node id="102" en:Value="en:B1 flat" en:Type="en:Note"/>
  <node id="103" en:Value="en:B2 flat" en:Type="en:Note"/>
  <node id="104" en:Type="en:Island" data-StaffConnects="true">
    <edge to="105" en:Type="en:Token"/>
    <edge to="108" en:Type="en:Partwise"/>
  </node>
  <node id="105" en:Kind="en:Chord" en:Type="en:Token" en:NoteValue="1/8">
    <edge to="106" en:Type="en:Note"/>
    <edge to="107" en:Type="en:Note"/>
    <edge to="109" en:Type="en:Beam"/>
  </node>
  <node id="106" en:Value="en:B1 flat" en:Type="en:Note"/>
  <node id="107" en:Value="en:B2 flat" en:Type="en:Note"/>
  <node id="108" en:Type="en:Island" data-StaffConnects="true">
    <edge to="109" en:Type="en:Token"/>
    <edge to="112" en:Type="en:Partwise"/>
  </node>
  <node id="109" en:Kind="en:Chord" en:Type="en:Token" en:NoteValue="1/8">
    <edge to="110" en:Type="en:Note"/>
    <edge to="111" en:Type="en:Note"/>
  </node>
  <node id="110" en:Value="en:B1 flat" en:Type="en:Note"/>
  <node id="111" en:Value="en:B2 flat" en:Type="en:Note"/>
  <node id="112" en:Type="en:Island" data-StaffConnects="true">
    <edge to="113" en:Type="en:Token"/>
    <edge to="116" en:Type="en:Partwise"/>
  </node>
  <node id="113" en:Kind="en:Chord" en:Type="en:Token" en:NoteValue="1/2">
    <edge to="114" en:Type="en:Note"/>
    <edge to="115" en:Type="en:Note"/>
  </node>
  <node id="114" en:Value="en:B1 flat" en:Type="en:Note"/>
  <node id="115" en:Value="en:B2 flat" en:Type="en:Note"/>
  <node id="116" en:Type="en:Island" data-StaffConnects="true">
    <edge to="117" en:Type="en:Token"/>
    <edge to="118" en:Type="en:Partwise"/>
  </node>
  <node id="117" en:Kind="en:Barline" en:Value="en:Standard Barline" en:Type="en:Token"/>
  <node id="118" en:Type="en:Island" data-StaffConnects="true">
    <edge to="119" en:Type="en:Token"/>
    <edge to="122" en:Type="en:Partwise"/>
  </node>
  <node id="119" en:Kind="en:Chord" en:Type="en:Token" en:NoteValue="1/4">
    <edge to="120" en:Type="en:Note"/>
    <edge to="121" en:Type="en:Note"/>
  </node>
  <node id="120" en:Value="en:C2 flat" en:Type="en:Note"/>
  <node id="121" en:Value="en:C3 flat" en:Type="en:Note"/>
  <node id="122" en:Type="en:Island" data-StaffConnects="true">
    <edge to="123" en:Type="en:Token"/>
    <edge to="126" en:Type="en:Partwise"/>
  </node>
  <node id="123" en:Kind="en:Chord" en:Type="en:Token" en:NoteValue="1/4">
    <edge to="124" en:Type="en:Note"/>
    <edge to="125" en:Type="en:Note"/>
  </node>
  <node id="124" en:Value="en:F2 flat" en:Type="en:Note"/>
  <node id="125" en:Value="en:F3 flat" en:Type="en:Note"/>
  <node id="126" en:Type="en:Island" data-StaffConnects="true">
    <edge to="127" en:Type="en:Token"/>
    <edge to="130" en:Type="en:Partwise"/>
  </node>
  <node id="127" en:Kind="en:Chord" en:Type="en:Token" en:NoteValue="1/2">
    <edge to="128" en:Type="en:Note"/>
    <edge to="129" en:Type="en:Note"/>
  </node>
  <node id="128" en:Value="en:G2 flat" en:Type="en:Note"/>
  <node id="129" en:Value="en:G3 flat" en:Type="en:Note"/>
  <node id="130" en:Type="en:Island" data-StaffConnects="true">
    <edge to="131" en:Type="en:Token"/>
    <edge to="132" en:Type="en:Partwise"/>
  </node>
  <node id="131" en:Kind="en:Barline" en:Value="en:Standard Barline" en:Type="en:Token"/>
  <node id="132" en:Type="en:Island" data-StaffConnects="true">
    <edge to="133" en:Type="en:Token"/>
    <edge to="136" en:Type="en:Partwise"/>
  </node>
  <node id="133" en:Kind="en:Chord" en:Type="en:Token" en:NoteValue="1/8" en:StemDirection="en:Down">
    <edge to="134" en:Type="en:Note"/>
    <edge to="135" en:Type="en:Note"/>
    <edge to="137" en:Type="en:Beam"/>
  </node>
  <node id="134" en:Value="en:G2" en:Type="en:Note"/>
  <node id="135" en:Value="en:G3" en:Type="en:Note"/>
  <node id="136" en:Type="en:Island" data-StaffConnects="true">
    <edge to="137" en:Type="en:Token"/>
    <edge to="140" en:Type="en:Partwise"/>
  </node>
  <node id="137" en:Kind="en:Chord" en:Type="en:Token" en:NoteValue="1/8">
    <edge to="138" en:Type="en:Note"/>
    <edge to="139" en:Type="en:Note"/>
  </node>
  <node id="138" en:Value="en:A2 flat" en:Type="en:Note"/>
  <node id="139" en:Value="en:A3 flat" en:Type="en:Note"/>
  <node id="140" en:Type="en:Island" data-StaffConnects="true">
    <edge to="141" en:Type="en:Token"/>
    <edge to="144" en:Type="en:Partwise"/>
  </node>
  <node id="141" en:Kind="en:Chord" en:Type="en:Token" en:NoteValue="1/4">
    <edge to="142" en:Type="en:Note"/>
    <edge to="143" en:Type="en:Note"/>
  </node>
  <node id="142" en:Value="en:D2 flat" en:Type="en:Note"/>
  <node id="143" en:Value="en:D3 flat" en:Type="en:Note"/>
  <node id="144" en:Type="en:Island" data-StaffConnects="true">
    <edge to="145" en:Type="en:Token"/>
    <edge to="148" en:Type="en:Partwise"/>
  </node>
  <node id="145" en:Kind="en:Chord" en:Type="en:Token" en:NoteValue="1/4">
    <edge to="146" en:Type="en:Note"/>
    <edge to="147" en:Type="en:Note"/>
  </node>
  <node id="146" en:Value="en:E2 flat" en:Type="en:Note"/>
  <node id="147" en:Value="en:E3 flat" en:Type="en:Note"/>
  <node id="148" en:Type="en:Island" data-StaffConnects="true">
    <edge to="149" en:Type="en:Token"/>
    <edge to="151" en:Type="en:Partwise"/>
  </node>
  <node id="149" en:Kind="en:Chord" en:Type="en:Token" en:NoteValue="1/4">
    <edge to="150" en:Type="en:Note"/>
  </node>
  <node id="150" en:Value="en:E2 flat" en:Type="en:Note"/>
  <node id="151" en:Type="en:Island" data-StaffConnects="true">
    <edge to="152" en:Type="en:Token"/>
  </node>
  <node id="152" en:Kind="en:Barline" en:Value="en:Standard Barline" en:Type="en:Token"/>
</graph>
